[2026-02-18 00:00:01] Found pending data for 1 source(s): ['1_sync_bed_an_occupancy.sql']
[2026-02-18 00:00:01]   RUN: 01_sync_bed_an_occupancy.py (source: 1_sync_bed_an_occupancy.sql)
--- Output of 01_sync_bed_an_occupancy.py ---
transform_sync_bed_an_occupancy: inserted 3226 rows from sources ['1_sync_bed_an_occupancy.sql']
--- End of 01_sync_bed_an_occupancy.py (exit=0) ---
[2026-02-18 00:00:02]   OK: 01_sync_bed_an_occupancy.py completed successfully
[2026-02-18 00:00:02] Summary: 1 executed, 0 skipped, 1 total sources
[2026-02-18 00:30:01] Found pending data for 14 source(s): ['14_sync_waiting_time_cataract.sql', '4_sync_drgs_rw_top10.sql', '9_sync_mortality_sepsis.sql', '8_sync_mortality_ami.sql', '15_sync_waiting_time_hernia.sql', '0_sync_test.sql', '6_sync_icu_semi_icu_case_realtime.sql', '5_sync_drgs_sum.sql', '13_sync_refer_top10.sql', '3_sync_critical_wait_bed.sql', '12_sync_refer_paperless.sql', '2_sync_bed_type_all.sql', '10_sync_normal_ward_death.sql', '1_sync_bed_an_occupancy.sql']
[2026-02-18 00:30:01]   RUN: 00_sync_test.py (source: 0_sync_test.sql)
--- Output of 00_sync_test.py ---
transform_sync_test: inserted 1 rows from sources ['0_sync_test.sql']
--- End of 00_sync_test.py (exit=0) ---
[2026-02-18 00:30:02]   OK: 00_sync_test.py completed successfully
[2026-02-18 00:30:02]   RUN: 10_sync_normal_ward_death.py (source: 10_sync_normal_ward_death.sql)
--- Output of 10_sync_normal_ward_death.py ---
transform_sync_normal_ward_death: inserted 10 rows from sources ['10_sync_normal_ward_death.sql']
--- End of 10_sync_normal_ward_death.py (exit=0) ---
[2026-02-18 00:30:02]   OK: 10_sync_normal_ward_death.py completed successfully
[2026-02-18 00:30:02]   RUN: 12_sync_refer_paperless.py (source: 12_sync_refer_paperless.sql)
--- Output of 12_sync_refer_paperless.py ---
transform_sync_refer_paperless: inserted 34 rows from sources ['12_sync_refer_paperless.sql']
--- End of 12_sync_refer_paperless.py (exit=0) ---
[2026-02-18 00:30:02]   OK: 12_sync_refer_paperless.py completed successfully
[2026-02-18 00:30:02]   RUN: 13_sync_refer_top10.py (source: 13_sync_refer_top10.sql)
--- Output of 13_sync_refer_top10.py ---
transform_sync_refer_top10: inserted 20 rows from sources ['13_sync_refer_top10.sql']
--- End of 13_sync_refer_top10.py (exit=0) ---
[2026-02-18 00:30:02]   OK: 13_sync_refer_top10.py completed successfully
[2026-02-18 00:30:02]   RUN: 14_sync_waiting_time_cataract.py (source: 14_sync_waiting_time_cataract.sql)
--- Output of 14_sync_waiting_time_cataract.py ---
transform_sync_waiting_time_cataract: inserted 36 rows from sources ['14_sync_waiting_time_cataract.sql']
--- End of 14_sync_waiting_time_cataract.py (exit=0) ---
[2026-02-18 00:30:02]   OK: 14_sync_waiting_time_cataract.py completed successfully
[2026-02-18 00:30:02]   RUN: 15_sync_waiting_time_hernia.py (source: 15_sync_waiting_time_hernia.sql)
--- Output of 15_sync_waiting_time_hernia.py ---
transform_sync_waiting_time_hernia: inserted 32 rows from sources ['15_sync_waiting_time_hernia.sql']
--- End of 15_sync_waiting_time_hernia.py (exit=0) ---
[2026-02-18 00:30:03]   OK: 15_sync_waiting_time_hernia.py completed successfully
[2026-02-18 00:30:03]   RUN: 01_sync_bed_an_occupancy.py (source: 1_sync_bed_an_occupancy.sql)
--- Output of 01_sync_bed_an_occupancy.py ---
transform_sync_bed_an_occupancy: inserted 9171 rows from sources ['1_sync_bed_an_occupancy.sql']
--- End of 01_sync_bed_an_occupancy.py (exit=0) ---
[2026-02-18 00:30:05]   OK: 01_sync_bed_an_occupancy.py completed successfully
[2026-02-18 00:30:05]   RUN: 02_sync_bed_type_all.py (source: 2_sync_bed_type_all.sql)
--- Output of 02_sync_bed_type_all.py ---
transform_sync_bed_type_all: inserted 475 rows from sources ['2_sync_bed_type_all.sql']
--- End of 02_sync_bed_type_all.py (exit=0) ---
[2026-02-18 00:30:05]   OK: 02_sync_bed_type_all.py completed successfully
[2026-02-18 00:30:05]   RUN: 03_sync_critical_wait_bed.py (source: 3_sync_critical_wait_bed.sql)
--- Output of 03_sync_critical_wait_bed.py ---
transform_sync_critical_wait_bed: inserted 13 rows from sources ['3_sync_critical_wait_bed.sql']
--- End of 03_sync_critical_wait_bed.py (exit=0) ---
[2026-02-18 00:30:05]   OK: 03_sync_critical_wait_bed.py completed successfully
[2026-02-18 00:30:05]   RUN: 04_sync_drgs_rw_top10.py (source: 4_sync_drgs_rw_top10.sql)
--- Output of 04_sync_drgs_rw_top10.py ---
transform_sync_drgs_rw_top10: inserted 20 rows from sources ['4_sync_drgs_rw_top10.sql']
--- End of 04_sync_drgs_rw_top10.py (exit=0) ---
[2026-02-18 00:30:05]   OK: 04_sync_drgs_rw_top10.py completed successfully
[2026-02-18 00:30:05]   RUN: 05_sync_drgs_sum.py (source: 5_sync_drgs_sum.sql)
--- Output of 05_sync_drgs_sum.py ---
transform_sync_drgs_sum: inserted 34 rows from sources ['5_sync_drgs_sum.sql']
--- End of 05_sync_drgs_sum.py (exit=0) ---
[2026-02-18 00:30:05]   OK: 05_sync_drgs_sum.py completed successfully
[2026-02-18 00:30:05]   RUN: 06_sync_icu_semi_icu_case_realtime.py (source: 6_sync_icu_semi_icu_case_realtime.sql)
--- Output of 06_sync_icu_semi_icu_case_realtime.py ---
transform_sync_icu_semi_icu_case_realtime: inserted 2 rows from sources ['6_sync_icu_semi_icu_case_realtime.sql']
--- End of 06_sync_icu_semi_icu_case_realtime.py (exit=0) ---
[2026-02-18 00:30:06]   OK: 06_sync_icu_semi_icu_case_realtime.py completed successfully
[2026-02-18 00:30:06]   RUN: 08_sync_mortality_ami.py (source: 8_sync_mortality_ami.sql)
--- Output of 08_sync_mortality_ami.py ---
transform_sync_mortality_ami: inserted 42 rows from sources ['8_sync_mortality_ami.sql']
--- End of 08_sync_mortality_ami.py (exit=0) ---
[2026-02-18 00:30:06]   OK: 08_sync_mortality_ami.py completed successfully
[2026-02-18 00:30:06]   RUN: 09_sync_mortality_sepsis.py (source: 9_sync_mortality_sepsis.sql)
--- Output of 09_sync_mortality_sepsis.py ---
transform_sync_mortality_sepsis: inserted 43 rows from sources ['9_sync_mortality_sepsis.sql']
--- End of 09_sync_mortality_sepsis.py (exit=0) ---
[2026-02-18 00:30:06]   OK: 09_sync_mortality_sepsis.py completed successfully
[2026-02-18 00:30:06] Summary: 14 executed, 0 skipped, 14 total sources
[2026-02-18 01:00:01] Found pending data for 1 source(s): ['1_sync_bed_an_occupancy.sql']
[2026-02-18 01:00:01]   RUN: 01_sync_bed_an_occupancy.py (source: 1_sync_bed_an_occupancy.sql)
--- Output of 01_sync_bed_an_occupancy.py ---
transform_sync_bed_an_occupancy: inserted 7200 rows from sources ['1_sync_bed_an_occupancy.sql']
--- End of 01_sync_bed_an_occupancy.py (exit=0) ---
[2026-02-18 01:00:03]   OK: 01_sync_bed_an_occupancy.py completed successfully
[2026-02-18 01:00:03] Summary: 1 executed, 0 skipped, 1 total sources
[2026-02-18 01:30:01] Found pending data for 13 source(s): ['14_sync_waiting_time_cataract.sql', '13_sync_refer_top10.sql', '4_sync_drgs_rw_top10.sql', '9_sync_mortality_sepsis.sql', '8_sync_mortality_ami.sql', '3_sync_critical_wait_bed.sql', '15_sync_waiting_time_hernia.sql', '12_sync_refer_paperless.sql', '2_sync_bed_type_all.sql', '10_sync_normal_ward_death.sql', '6_sync_icu_semi_icu_case_realtime.sql', '1_sync_bed_an_occupancy.sql', '5_sync_drgs_sum.sql']
[2026-02-18 01:30:01]   RUN: 10_sync_normal_ward_death.py (source: 10_sync_normal_ward_death.sql)
--- Output of 10_sync_normal_ward_death.py ---
transform_sync_normal_ward_death: inserted 10 rows from sources ['10_sync_normal_ward_death.sql']
--- End of 10_sync_normal_ward_death.py (exit=0) ---
[2026-02-18 01:30:01]   OK: 10_sync_normal_ward_death.py completed successfully
[2026-02-18 01:30:01]   RUN: 12_sync_refer_paperless.py (source: 12_sync_refer_paperless.sql)
--- Output of 12_sync_refer_paperless.py ---
transform_sync_refer_paperless: inserted 34 rows from sources ['12_sync_refer_paperless.sql']
--- End of 12_sync_refer_paperless.py (exit=0) ---
[2026-02-18 01:30:01]   OK: 12_sync_refer_paperless.py completed successfully
[2026-02-18 01:30:01]   RUN: 13_sync_refer_top10.py (source: 13_sync_refer_top10.sql)
--- Output of 13_sync_refer_top10.py ---
transform_sync_refer_top10: inserted 20 rows from sources ['13_sync_refer_top10.sql']
--- End of 13_sync_refer_top10.py (exit=0) ---
[2026-02-18 01:30:01]   OK: 13_sync_refer_top10.py completed successfully
[2026-02-18 01:30:01]   RUN: 14_sync_waiting_time_cataract.py (source: 14_sync_waiting_time_cataract.sql)
--- Output of 14_sync_waiting_time_cataract.py ---
transform_sync_waiting_time_cataract: inserted 36 rows from sources ['14_sync_waiting_time_cataract.sql']
--- End of 14_sync_waiting_time_cataract.py (exit=0) ---
[2026-02-18 01:30:02]   OK: 14_sync_waiting_time_cataract.py completed successfully
[2026-02-18 01:30:02]   RUN: 15_sync_waiting_time_hernia.py (source: 15_sync_waiting_time_hernia.sql)
--- Output of 15_sync_waiting_time_hernia.py ---
transform_sync_waiting_time_hernia: inserted 32 rows from sources ['15_sync_waiting_time_hernia.sql']
--- End of 15_sync_waiting_time_hernia.py (exit=0) ---
[2026-02-18 01:30:02]   OK: 15_sync_waiting_time_hernia.py completed successfully
[2026-02-18 01:30:02]   RUN: 01_sync_bed_an_occupancy.py (source: 1_sync_bed_an_occupancy.sql)
--- Output of 01_sync_bed_an_occupancy.py ---
transform_sync_bed_an_occupancy: inserted 8883 rows from sources ['1_sync_bed_an_occupancy.sql']
--- End of 01_sync_bed_an_occupancy.py (exit=0) ---
[2026-02-18 01:30:04]   OK: 01_sync_bed_an_occupancy.py completed successfully
[2026-02-18 01:30:04]   RUN: 02_sync_bed_type_all.py (source: 2_sync_bed_type_all.sql)
--- Output of 02_sync_bed_type_all.py ---
transform_sync_bed_type_all: inserted 475 rows from sources ['2_sync_bed_type_all.sql']
--- End of 02_sync_bed_type_all.py (exit=0) ---
[2026-02-18 01:30:04]   OK: 02_sync_bed_type_all.py completed successfully
[2026-02-18 01:30:04]   RUN: 03_sync_critical_wait_bed.py (source: 3_sync_critical_wait_bed.sql)
--- Output of 03_sync_critical_wait_bed.py ---
transform_sync_critical_wait_bed: inserted 13 rows from sources ['3_sync_critical_wait_bed.sql']
--- End of 03_sync_critical_wait_bed.py (exit=0) ---
[2026-02-18 01:30:04]   OK: 03_sync_critical_wait_bed.py completed successfully
[2026-02-18 01:30:04]   RUN: 04_sync_drgs_rw_top10.py (source: 4_sync_drgs_rw_top10.sql)
--- Output of 04_sync_drgs_rw_top10.py ---
transform_sync_drgs_rw_top10: inserted 20 rows from sources ['4_sync_drgs_rw_top10.sql']
--- End of 04_sync_drgs_rw_top10.py (exit=0) ---
[2026-02-18 01:30:04]   OK: 04_sync_drgs_rw_top10.py completed successfully
[2026-02-18 01:30:04]   RUN: 05_sync_drgs_sum.py (source: 5_sync_drgs_sum.sql)
--- Output of 05_sync_drgs_sum.py ---
transform_sync_drgs_sum: inserted 34 rows from sources ['5_sync_drgs_sum.sql']
--- End of 05_sync_drgs_sum.py (exit=0) ---
[2026-02-18 01:30:05]   OK: 05_sync_drgs_sum.py completed successfully
[2026-02-18 01:30:05]   RUN: 06_sync_icu_semi_icu_case_realtime.py (source: 6_sync_icu_semi_icu_case_realtime.sql)
--- Output of 06_sync_icu_semi_icu_case_realtime.py ---
transform_sync_icu_semi_icu_case_realtime: inserted 2 rows from sources ['6_sync_icu_semi_icu_case_realtime.sql']
--- End of 06_sync_icu_semi_icu_case_realtime.py (exit=0) ---
[2026-02-18 01:30:05]   OK: 06_sync_icu_semi_icu_case_realtime.py completed successfully
[2026-02-18 01:30:05]   RUN: 08_sync_mortality_ami.py (source: 8_sync_mortality_ami.sql)
--- Output of 08_sync_mortality_ami.py ---
transform_sync_mortality_ami: inserted 42 rows from sources ['8_sync_mortality_ami.sql']
--- End of 08_sync_mortality_ami.py (exit=0) ---
[2026-02-18 01:30:05]   OK: 08_sync_mortality_ami.py completed successfully
[2026-02-18 01:30:05]   RUN: 09_sync_mortality_sepsis.py (source: 9_sync_mortality_sepsis.sql)
--- Output of 09_sync_mortality_sepsis.py ---
transform_sync_mortality_sepsis: inserted 43 rows from sources ['9_sync_mortality_sepsis.sql']
--- End of 09_sync_mortality_sepsis.py (exit=0) ---
[2026-02-18 01:30:05]   OK: 09_sync_mortality_sepsis.py completed successfully
[2026-02-18 01:30:05] Summary: 13 executed, 0 skipped, 13 total sources
[2026-02-18 02:00:01] Found pending data for 1 source(s): ['1_sync_bed_an_occupancy.sql']
[2026-02-18 02:00:01]   RUN: 01_sync_bed_an_occupancy.py (source: 1_sync_bed_an_occupancy.sql)
--- Output of 01_sync_bed_an_occupancy.py ---
transform_sync_bed_an_occupancy: inserted 7208 rows from sources ['1_sync_bed_an_occupancy.sql']
--- End of 01_sync_bed_an_occupancy.py (exit=0) ---
[2026-02-18 02:00:03]   OK: 01_sync_bed_an_occupancy.py completed successfully
[2026-02-18 02:00:03] Summary: 1 executed, 0 skipped, 1 total sources
[2026-02-18 02:30:01] Found pending data for 13 source(s): ['14_sync_waiting_time_cataract.sql', '13_sync_refer_top10.sql', '4_sync_drgs_rw_top10.sql', '9_sync_mortality_sepsis.sql', '8_sync_mortality_ami.sql', '3_sync_critical_wait_bed.sql', '15_sync_waiting_time_hernia.sql', '12_sync_refer_paperless.sql', '2_sync_bed_type_all.sql', '10_sync_normal_ward_death.sql', '6_sync_icu_semi_icu_case_realtime.sql', '1_sync_bed_an_occupancy.sql', '5_sync_drgs_sum.sql']
[2026-02-18 02:30:01]   RUN: 10_sync_normal_ward_death.py (source: 10_sync_normal_ward_death.sql)
--- Output of 10_sync_normal_ward_death.py ---
transform_sync_normal_ward_death: inserted 10 rows from sources ['10_sync_normal_ward_death.sql']
--- End of 10_sync_normal_ward_death.py (exit=0) ---
[2026-02-18 02:30:01]   OK: 10_sync_normal_ward_death.py completed successfully
[2026-02-18 02:30:01]   RUN: 12_sync_refer_paperless.py (source: 12_sync_refer_paperless.sql)
--- Output of 12_sync_refer_paperless.py ---
transform_sync_refer_paperless: inserted 34 rows from sources ['12_sync_refer_paperless.sql']
--- End of 12_sync_refer_paperless.py (exit=0) ---
[2026-02-18 02:30:01]   OK: 12_sync_refer_paperless.py completed successfully
[2026-02-18 02:30:01]   RUN: 13_sync_refer_top10.py (source: 13_sync_refer_top10.sql)
--- Output of 13_sync_refer_top10.py ---
transform_sync_refer_top10: inserted 20 rows from sources ['13_sync_refer_top10.sql']
--- End of 13_sync_refer_top10.py (exit=0) ---
[2026-02-18 02:30:02]   OK: 13_sync_refer_top10.py completed successfully
[2026-02-18 02:30:02]   RUN: 14_sync_waiting_time_cataract.py (source: 14_sync_waiting_time_cataract.sql)
--- Output of 14_sync_waiting_time_cataract.py ---
transform_sync_waiting_time_cataract: inserted 36 rows from sources ['14_sync_waiting_time_cataract.sql']
--- End of 14_sync_waiting_time_cataract.py (exit=0) ---
[2026-02-18 02:30:02]   OK: 14_sync_waiting_time_cataract.py completed successfully
[2026-02-18 02:30:02]   RUN: 15_sync_waiting_time_hernia.py (source: 15_sync_waiting_time_hernia.sql)
--- Output of 15_sync_waiting_time_hernia.py ---
transform_sync_waiting_time_hernia: inserted 32 rows from sources ['15_sync_waiting_time_hernia.sql']
--- End of 15_sync_waiting_time_hernia.py (exit=0) ---
[2026-02-18 02:30:02]   OK: 15_sync_waiting_time_hernia.py completed successfully
[2026-02-18 02:30:02]   RUN: 01_sync_bed_an_occupancy.py (source: 1_sync_bed_an_occupancy.sql)
--- Output of 01_sync_bed_an_occupancy.py ---
transform_sync_bed_an_occupancy: inserted 8884 rows from sources ['1_sync_bed_an_occupancy.sql']
--- End of 01_sync_bed_an_occupancy.py (exit=0) ---
[2026-02-18 02:30:04]   OK: 01_sync_bed_an_occupancy.py completed successfully
[2026-02-18 02:30:04]   RUN: 02_sync_bed_type_all.py (source: 2_sync_bed_type_all.sql)
--- Output of 02_sync_bed_type_all.py ---
transform_sync_bed_type_all: inserted 475 rows from sources ['2_sync_bed_type_all.sql']
--- End of 02_sync_bed_type_all.py (exit=0) ---
[2026-02-18 02:30:04]   OK: 02_sync_bed_type_all.py completed successfully
[2026-02-18 02:30:04]   RUN: 03_sync_critical_wait_bed.py (source: 3_sync_critical_wait_bed.sql)
--- Output of 03_sync_critical_wait_bed.py ---
transform_sync_critical_wait_bed: inserted 13 rows from sources ['3_sync_critical_wait_bed.sql']
--- End of 03_sync_critical_wait_bed.py (exit=0) ---
[2026-02-18 02:30:04]   OK: 03_sync_critical_wait_bed.py completed successfully
[2026-02-18 02:30:04]   RUN: 04_sync_drgs_rw_top10.py (source: 4_sync_drgs_rw_top10.sql)
--- Output of 04_sync_drgs_rw_top10.py ---
transform_sync_drgs_rw_top10: inserted 20 rows from sources ['4_sync_drgs_rw_top10.sql']
--- End of 04_sync_drgs_rw_top10.py (exit=0) ---
[2026-02-18 02:30:04]   OK: 04_sync_drgs_rw_top10.py completed successfully
[2026-02-18 02:30:04]   RUN: 05_sync_drgs_sum.py (source: 5_sync_drgs_sum.sql)
--- Output of 05_sync_drgs_sum.py ---
transform_sync_drgs_sum: inserted 34 rows from sources ['5_sync_drgs_sum.sql']
--- End of 05_sync_drgs_sum.py (exit=0) ---
[2026-02-18 02:30:04]   OK: 05_sync_drgs_sum.py completed successfully
[2026-02-18 02:30:04]   RUN: 06_sync_icu_semi_icu_case_realtime.py (source: 6_sync_icu_semi_icu_case_realtime.sql)
--- Output of 06_sync_icu_semi_icu_case_realtime.py ---
transform_sync_icu_semi_icu_case_realtime: inserted 2 rows from sources ['6_sync_icu_semi_icu_case_realtime.sql']
--- End of 06_sync_icu_semi_icu_case_realtime.py (exit=0) ---
[2026-02-18 02:30:05]   OK: 06_sync_icu_semi_icu_case_realtime.py completed successfully
[2026-02-18 02:30:05]   RUN: 08_sync_mortality_ami.py (source: 8_sync_mortality_ami.sql)
--- Output of 08_sync_mortality_ami.py ---
transform_sync_mortality_ami: inserted 42 rows from sources ['8_sync_mortality_ami.sql']
--- End of 08_sync_mortality_ami.py (exit=0) ---
[2026-02-18 02:30:05]   OK: 08_sync_mortality_ami.py completed successfully
[2026-02-18 02:30:05]   RUN: 09_sync_mortality_sepsis.py (source: 9_sync_mortality_sepsis.sql)
--- Output of 09_sync_mortality_sepsis.py ---
transform_sync_mortality_sepsis: inserted 43 rows from sources ['9_sync_mortality_sepsis.sql']
--- End of 09_sync_mortality_sepsis.py (exit=0) ---
[2026-02-18 02:30:05]   OK: 09_sync_mortality_sepsis.py completed successfully
[2026-02-18 02:30:05] Summary: 13 executed, 0 skipped, 13 total sources
[2026-02-18 03:00:01] Found pending data for 1 source(s): ['1_sync_bed_an_occupancy.sql']
[2026-02-18 03:00:01]   RUN: 01_sync_bed_an_occupancy.py (source: 1_sync_bed_an_occupancy.sql)
--- Output of 01_sync_bed_an_occupancy.py ---
transform_sync_bed_an_occupancy: inserted 7203 rows from sources ['1_sync_bed_an_occupancy.sql']
--- End of 01_sync_bed_an_occupancy.py (exit=0) ---
[2026-02-18 03:00:03]   OK: 01_sync_bed_an_occupancy.py completed successfully
[2026-02-18 03:00:03] Summary: 1 executed, 0 skipped, 1 total sources
[2026-02-18 03:30:01] Found pending data for 13 source(s): ['14_sync_waiting_time_cataract.sql', '13_sync_refer_top10.sql', '4_sync_drgs_rw_top10.sql', '9_sync_mortality_sepsis.sql', '8_sync_mortality_ami.sql', '3_sync_critical_wait_bed.sql', '15_sync_waiting_time_hernia.sql', '12_sync_refer_paperless.sql', '2_sync_bed_type_all.sql', '10_sync_normal_ward_death.sql', '6_sync_icu_semi_icu_case_realtime.sql', '1_sync_bed_an_occupancy.sql', '5_sync_drgs_sum.sql']
[2026-02-18 03:30:01]   RUN: 10_sync_normal_ward_death.py (source: 10_sync_normal_ward_death.sql)
--- Output of 10_sync_normal_ward_death.py ---
transform_sync_normal_ward_death: inserted 10 rows from sources ['10_sync_normal_ward_death.sql']
--- End of 10_sync_normal_ward_death.py (exit=0) ---
[2026-02-18 03:30:01]   OK: 10_sync_normal_ward_death.py completed successfully
[2026-02-18 03:30:01]   RUN: 12_sync_refer_paperless.py (source: 12_sync_refer_paperless.sql)
--- Output of 12_sync_refer_paperless.py ---
transform_sync_refer_paperless: inserted 34 rows from sources ['12_sync_refer_paperless.sql']
--- End of 12_sync_refer_paperless.py (exit=0) ---
[2026-02-18 03:30:01]   OK: 12_sync_refer_paperless.py completed successfully
[2026-02-18 03:30:01]   RUN: 13_sync_refer_top10.py (source: 13_sync_refer_top10.sql)
--- Output of 13_sync_refer_top10.py ---
transform_sync_refer_top10: inserted 20 rows from sources ['13_sync_refer_top10.sql']
--- End of 13_sync_refer_top10.py (exit=0) ---
[2026-02-18 03:30:02]   OK: 13_sync_refer_top10.py completed successfully
[2026-02-18 03:30:02]   RUN: 14_sync_waiting_time_cataract.py (source: 14_sync_waiting_time_cataract.sql)
--- Output of 14_sync_waiting_time_cataract.py ---
transform_sync_waiting_time_cataract: inserted 36 rows from sources ['14_sync_waiting_time_cataract.sql']
--- End of 14_sync_waiting_time_cataract.py (exit=0) ---
[2026-02-18 03:30:02]   OK: 14_sync_waiting_time_cataract.py completed successfully
[2026-02-18 03:30:02]   RUN: 15_sync_waiting_time_hernia.py (source: 15_sync_waiting_time_hernia.sql)
--- Output of 15_sync_waiting_time_hernia.py ---
transform_sync_waiting_time_hernia: inserted 32 rows from sources ['15_sync_waiting_time_hernia.sql']
--- End of 15_sync_waiting_time_hernia.py (exit=0) ---
[2026-02-18 03:30:02]   OK: 15_sync_waiting_time_hernia.py completed successfully
[2026-02-18 03:30:02]   RUN: 01_sync_bed_an_occupancy.py (source: 1_sync_bed_an_occupancy.sql)
--- Output of 01_sync_bed_an_occupancy.py ---
transform_sync_bed_an_occupancy: inserted 8886 rows from sources ['1_sync_bed_an_occupancy.sql']
--- End of 01_sync_bed_an_occupancy.py (exit=0) ---
[2026-02-18 03:30:04]   OK: 01_sync_bed_an_occupancy.py completed successfully
[2026-02-18 03:30:04]   RUN: 02_sync_bed_type_all.py (source: 2_sync_bed_type_all.sql)
--- Output of 02_sync_bed_type_all.py ---
transform_sync_bed_type_all: inserted 475 rows from sources ['2_sync_bed_type_all.sql']
--- End of 02_sync_bed_type_all.py (exit=0) ---
[2026-02-18 03:30:04]   OK: 02_sync_bed_type_all.py completed successfully
[2026-02-18 03:30:04]   RUN: 03_sync_critical_wait_bed.py (source: 3_sync_critical_wait_bed.sql)
--- Output of 03_sync_critical_wait_bed.py ---
transform_sync_critical_wait_bed: inserted 13 rows from sources ['3_sync_critical_wait_bed.sql']
--- End of 03_sync_critical_wait_bed.py (exit=0) ---
[2026-02-18 03:30:04]   OK: 03_sync_critical_wait_bed.py completed successfully
[2026-02-18 03:30:04]   RUN: 04_sync_drgs_rw_top10.py (source: 4_sync_drgs_rw_top10.sql)
--- Output of 04_sync_drgs_rw_top10.py ---
transform_sync_drgs_rw_top10: inserted 20 rows from sources ['4_sync_drgs_rw_top10.sql']
--- End of 04_sync_drgs_rw_top10.py (exit=0) ---
[2026-02-18 03:30:04]   OK: 04_sync_drgs_rw_top10.py completed successfully
[2026-02-18 03:30:04]   RUN: 05_sync_drgs_sum.py (source: 5_sync_drgs_sum.sql)
--- Output of 05_sync_drgs_sum.py ---
transform_sync_drgs_sum: inserted 34 rows from sources ['5_sync_drgs_sum.sql']
--- End of 05_sync_drgs_sum.py (exit=0) ---
[2026-02-18 03:30:05]   OK: 05_sync_drgs_sum.py completed successfully
[2026-02-18 03:30:05]   RUN: 06_sync_icu_semi_icu_case_realtime.py (source: 6_sync_icu_semi_icu_case_realtime.sql)
--- Output of 06_sync_icu_semi_icu_case_realtime.py ---
transform_sync_icu_semi_icu_case_realtime: inserted 2 rows from sources ['6_sync_icu_semi_icu_case_realtime.sql']
--- End of 06_sync_icu_semi_icu_case_realtime.py (exit=0) ---
[2026-02-18 03:30:05]   OK: 06_sync_icu_semi_icu_case_realtime.py completed successfully
[2026-02-18 03:30:05]   RUN: 08_sync_mortality_ami.py (source: 8_sync_mortality_ami.sql)
--- Output of 08_sync_mortality_ami.py ---
transform_sync_mortality_ami: inserted 42 rows from sources ['8_sync_mortality_ami.sql']
--- End of 08_sync_mortality_ami.py (exit=0) ---
[2026-02-18 03:30:05]   OK: 08_sync_mortality_ami.py completed successfully
[2026-02-18 03:30:05]   RUN: 09_sync_mortality_sepsis.py (source: 9_sync_mortality_sepsis.sql)
--- Output of 09_sync_mortality_sepsis.py ---
transform_sync_mortality_sepsis: inserted 43 rows from sources ['9_sync_mortality_sepsis.sql']
--- End of 09_sync_mortality_sepsis.py (exit=0) ---
[2026-02-18 03:30:05]   OK: 09_sync_mortality_sepsis.py completed successfully
[2026-02-18 03:30:05] Summary: 13 executed, 0 skipped, 13 total sources
[2026-02-18 04:00:01] Found pending data for 1 source(s): ['1_sync_bed_an_occupancy.sql']
[2026-02-18 04:00:01]   RUN: 01_sync_bed_an_occupancy.py (source: 1_sync_bed_an_occupancy.sql)
--- Output of 01_sync_bed_an_occupancy.py ---
transform_sync_bed_an_occupancy: inserted 7214 rows from sources ['1_sync_bed_an_occupancy.sql']
--- End of 01_sync_bed_an_occupancy.py (exit=0) ---
[2026-02-18 04:00:03]   OK: 01_sync_bed_an_occupancy.py completed successfully
[2026-02-18 04:00:03] Summary: 1 executed, 0 skipped, 1 total sources
[2026-02-18 04:30:01] Found pending data for 13 source(s): ['14_sync_waiting_time_cataract.sql', '13_sync_refer_top10.sql', '4_sync_drgs_rw_top10.sql', '9_sync_mortality_sepsis.sql', '8_sync_mortality_ami.sql', '3_sync_critical_wait_bed.sql', '15_sync_waiting_time_hernia.sql', '12_sync_refer_paperless.sql', '2_sync_bed_type_all.sql', '10_sync_normal_ward_death.sql', '6_sync_icu_semi_icu_case_realtime.sql', '1_sync_bed_an_occupancy.sql', '5_sync_drgs_sum.sql']
[2026-02-18 04:30:01]   RUN: 10_sync_normal_ward_death.py (source: 10_sync_normal_ward_death.sql)
--- Output of 10_sync_normal_ward_death.py ---
transform_sync_normal_ward_death: inserted 10 rows from sources ['10_sync_normal_ward_death.sql']
--- End of 10_sync_normal_ward_death.py (exit=0) ---
[2026-02-18 04:30:01]   OK: 10_sync_normal_ward_death.py completed successfully
[2026-02-18 04:30:01]   RUN: 12_sync_refer_paperless.py (source: 12_sync_refer_paperless.sql)
--- Output of 12_sync_refer_paperless.py ---
transform_sync_refer_paperless: inserted 34 rows from sources ['12_sync_refer_paperless.sql']
--- End of 12_sync_refer_paperless.py (exit=0) ---
[2026-02-18 04:30:02]   OK: 12_sync_refer_paperless.py completed successfully
[2026-02-18 04:30:02]   RUN: 13_sync_refer_top10.py (source: 13_sync_refer_top10.sql)
--- Output of 13_sync_refer_top10.py ---
transform_sync_refer_top10: inserted 20 rows from sources ['13_sync_refer_top10.sql']
--- End of 13_sync_refer_top10.py (exit=0) ---
[2026-02-18 04:30:02]   OK: 13_sync_refer_top10.py completed successfully
[2026-02-18 04:30:02]   RUN: 14_sync_waiting_time_cataract.py (source: 14_sync_waiting_time_cataract.sql)
--- Output of 14_sync_waiting_time_cataract.py ---
transform_sync_waiting_time_cataract: inserted 36 rows from sources ['14_sync_waiting_time_cataract.sql']
--- End of 14_sync_waiting_time_cataract.py (exit=0) ---
[2026-02-18 04:30:02]   OK: 14_sync_waiting_time_cataract.py completed successfully
[2026-02-18 04:30:02]   RUN: 15_sync_waiting_time_hernia.py (source: 15_sync_waiting_time_hernia.sql)
--- Output of 15_sync_waiting_time_hernia.py ---
transform_sync_waiting_time_hernia: inserted 32 rows from sources ['15_sync_waiting_time_hernia.sql']
--- End of 15_sync_waiting_time_hernia.py (exit=0) ---
[2026-02-18 04:30:02]   OK: 15_sync_waiting_time_hernia.py completed successfully
[2026-02-18 04:30:02]   RUN: 01_sync_bed_an_occupancy.py (source: 1_sync_bed_an_occupancy.sql)
--- Output of 01_sync_bed_an_occupancy.py ---
transform_sync_bed_an_occupancy: inserted 8827 rows from sources ['1_sync_bed_an_occupancy.sql']
--- End of 01_sync_bed_an_occupancy.py (exit=0) ---
[2026-02-18 04:30:04]   OK: 01_sync_bed_an_occupancy.py completed successfully
[2026-02-18 04:30:04]   RUN: 02_sync_bed_type_all.py (source: 2_sync_bed_type_all.sql)
--- Output of 02_sync_bed_type_all.py ---
transform_sync_bed_type_all: inserted 475 rows from sources ['2_sync_bed_type_all.sql']
--- End of 02_sync_bed_type_all.py (exit=0) ---
[2026-02-18 04:30:04]   OK: 02_sync_bed_type_all.py completed successfully
[2026-02-18 04:30:04]   RUN: 03_sync_critical_wait_bed.py (source: 3_sync_critical_wait_bed.sql)
--- Output of 03_sync_critical_wait_bed.py ---
transform_sync_critical_wait_bed: inserted 13 rows from sources ['3_sync_critical_wait_bed.sql']
--- End of 03_sync_critical_wait_bed.py (exit=0) ---
[2026-02-18 04:30:04]   OK: 03_sync_critical_wait_bed.py completed successfully
[2026-02-18 04:30:04]   RUN: 04_sync_drgs_rw_top10.py (source: 4_sync_drgs_rw_top10.sql)
--- Output of 04_sync_drgs_rw_top10.py ---
transform_sync_drgs_rw_top10: inserted 20 rows from sources ['4_sync_drgs_rw_top10.sql']
--- End of 04_sync_drgs_rw_top10.py (exit=0) ---
[2026-02-18 04:30:04]   OK: 04_sync_drgs_rw_top10.py completed successfully
[2026-02-18 04:30:04]   RUN: 05_sync_drgs_sum.py (source: 5_sync_drgs_sum.sql)
--- Output of 05_sync_drgs_sum.py ---
transform_sync_drgs_sum: inserted 34 rows from sources ['5_sync_drgs_sum.sql']
--- End of 05_sync_drgs_sum.py (exit=0) ---
[2026-02-18 04:30:05]   OK: 05_sync_drgs_sum.py completed successfully
[2026-02-18 04:30:05]   RUN: 06_sync_icu_semi_icu_case_realtime.py (source: 6_sync_icu_semi_icu_case_realtime.sql)
--- Output of 06_sync_icu_semi_icu_case_realtime.py ---
transform_sync_icu_semi_icu_case_realtime: inserted 2 rows from sources ['6_sync_icu_semi_icu_case_realtime.sql']
--- End of 06_sync_icu_semi_icu_case_realtime.py (exit=0) ---
[2026-02-18 04:30:05]   OK: 06_sync_icu_semi_icu_case_realtime.py completed successfully
[2026-02-18 04:30:05]   RUN: 08_sync_mortality_ami.py (source: 8_sync_mortality_ami.sql)
--- Output of 08_sync_mortality_ami.py ---
transform_sync_mortality_ami: inserted 42 rows from sources ['8_sync_mortality_ami.sql']
--- End of 08_sync_mortality_ami.py (exit=0) ---
[2026-02-18 04:30:05]   OK: 08_sync_mortality_ami.py completed successfully
[2026-02-18 04:30:05]   RUN: 09_sync_mortality_sepsis.py (source: 9_sync_mortality_sepsis.sql)
--- Output of 09_sync_mortality_sepsis.py ---
transform_sync_mortality_sepsis: inserted 43 rows from sources ['9_sync_mortality_sepsis.sql']
--- End of 09_sync_mortality_sepsis.py (exit=0) ---
[2026-02-18 04:30:05]   OK: 09_sync_mortality_sepsis.py completed successfully
[2026-02-18 04:30:05] Summary: 13 executed, 0 skipped, 13 total sources
[2026-02-18 05:00:01] Found pending data for 1 source(s): ['1_sync_bed_an_occupancy.sql']
[2026-02-18 05:00:01]   RUN: 01_sync_bed_an_occupancy.py (source: 1_sync_bed_an_occupancy.sql)
--- Output of 01_sync_bed_an_occupancy.py ---
transform_sync_bed_an_occupancy: inserted 7265 rows from sources ['1_sync_bed_an_occupancy.sql']
--- End of 01_sync_bed_an_occupancy.py (exit=0) ---
[2026-02-18 05:00:03]   OK: 01_sync_bed_an_occupancy.py completed successfully
[2026-02-18 05:00:03] Summary: 1 executed, 0 skipped, 1 total sources
[2026-02-18 05:30:01] Found pending data for 13 source(s): ['14_sync_waiting_time_cataract.sql', '13_sync_refer_top10.sql', '4_sync_drgs_rw_top10.sql', '9_sync_mortality_sepsis.sql', '8_sync_mortality_ami.sql', '3_sync_critical_wait_bed.sql', '15_sync_waiting_time_hernia.sql', '12_sync_refer_paperless.sql', '2_sync_bed_type_all.sql', '10_sync_normal_ward_death.sql', '6_sync_icu_semi_icu_case_realtime.sql', '1_sync_bed_an_occupancy.sql', '5_sync_drgs_sum.sql']
[2026-02-18 05:30:01]   RUN: 10_sync_normal_ward_death.py (source: 10_sync_normal_ward_death.sql)
--- Output of 10_sync_normal_ward_death.py ---
transform_sync_normal_ward_death: inserted 10 rows from sources ['10_sync_normal_ward_death.sql']
--- End of 10_sync_normal_ward_death.py (exit=0) ---
[2026-02-18 05:30:01]   OK: 10_sync_normal_ward_death.py completed successfully
[2026-02-18 05:30:01]   RUN: 12_sync_refer_paperless.py (source: 12_sync_refer_paperless.sql)
--- Output of 12_sync_refer_paperless.py ---
transform_sync_refer_paperless: inserted 34 rows from sources ['12_sync_refer_paperless.sql']
--- End of 12_sync_refer_paperless.py (exit=0) ---
[2026-02-18 05:30:01]   OK: 12_sync_refer_paperless.py completed successfully
[2026-02-18 05:30:01]   RUN: 13_sync_refer_top10.py (source: 13_sync_refer_top10.sql)
--- Output of 13_sync_refer_top10.py ---
transform_sync_refer_top10: inserted 20 rows from sources ['13_sync_refer_top10.sql']
--- End of 13_sync_refer_top10.py (exit=0) ---
[2026-02-18 05:30:01]   OK: 13_sync_refer_top10.py completed successfully
[2026-02-18 05:30:01]   RUN: 14_sync_waiting_time_cataract.py (source: 14_sync_waiting_time_cataract.sql)
--- Output of 14_sync_waiting_time_cataract.py ---
transform_sync_waiting_time_cataract: inserted 36 rows from sources ['14_sync_waiting_time_cataract.sql']
--- End of 14_sync_waiting_time_cataract.py (exit=0) ---
[2026-02-18 05:30:02]   OK: 14_sync_waiting_time_cataract.py completed successfully
[2026-02-18 05:30:02]   RUN: 15_sync_waiting_time_hernia.py (source: 15_sync_waiting_time_hernia.sql)
--- Output of 15_sync_waiting_time_hernia.py ---
transform_sync_waiting_time_hernia: inserted 32 rows from sources ['15_sync_waiting_time_hernia.sql']
--- End of 15_sync_waiting_time_hernia.py (exit=0) ---
[2026-02-18 05:30:02]   OK: 15_sync_waiting_time_hernia.py completed successfully
[2026-02-18 05:30:02]   RUN: 01_sync_bed_an_occupancy.py (source: 1_sync_bed_an_occupancy.sql)
--- Output of 01_sync_bed_an_occupancy.py ---
transform_sync_bed_an_occupancy: inserted 8875 rows from sources ['1_sync_bed_an_occupancy.sql']
--- End of 01_sync_bed_an_occupancy.py (exit=0) ---
[2026-02-18 05:30:03]   OK: 01_sync_bed_an_occupancy.py completed successfully
[2026-02-18 05:30:03]   RUN: 02_sync_bed_type_all.py (source: 2_sync_bed_type_all.sql)
--- Output of 02_sync_bed_type_all.py ---
transform_sync_bed_type_all: inserted 475 rows from sources ['2_sync_bed_type_all.sql']
--- End of 02_sync_bed_type_all.py (exit=0) ---
[2026-02-18 05:30:03]   OK: 02_sync_bed_type_all.py completed successfully
[2026-02-18 05:30:03]   RUN: 03_sync_critical_wait_bed.py (source: 3_sync_critical_wait_bed.sql)
--- Output of 03_sync_critical_wait_bed.py ---
transform_sync_critical_wait_bed: inserted 13 rows from sources ['3_sync_critical_wait_bed.sql']
--- End of 03_sync_critical_wait_bed.py (exit=0) ---
[2026-02-18 05:30:04]   OK: 03_sync_critical_wait_bed.py completed successfully
[2026-02-18 05:30:04]   RUN: 04_sync_drgs_rw_top10.py (source: 4_sync_drgs_rw_top10.sql)
--- Output of 04_sync_drgs_rw_top10.py ---
transform_sync_drgs_rw_top10: inserted 20 rows from sources ['4_sync_drgs_rw_top10.sql']
--- End of 04_sync_drgs_rw_top10.py (exit=0) ---
[2026-02-18 05:30:04]   OK: 04_sync_drgs_rw_top10.py completed successfully
[2026-02-18 05:30:04]   RUN: 05_sync_drgs_sum.py (source: 5_sync_drgs_sum.sql)
--- Output of 05_sync_drgs_sum.py ---
transform_sync_drgs_sum: inserted 34 rows from sources ['5_sync_drgs_sum.sql']
--- End of 05_sync_drgs_sum.py (exit=0) ---
[2026-02-18 05:30:04]   OK: 05_sync_drgs_sum.py completed successfully
[2026-02-18 05:30:04]   RUN: 06_sync_icu_semi_icu_case_realtime.py (source: 6_sync_icu_semi_icu_case_realtime.sql)
--- Output of 06_sync_icu_semi_icu_case_realtime.py ---
transform_sync_icu_semi_icu_case_realtime: inserted 2 rows from sources ['6_sync_icu_semi_icu_case_realtime.sql']
--- End of 06_sync_icu_semi_icu_case_realtime.py (exit=0) ---
[2026-02-18 05:30:04]   OK: 06_sync_icu_semi_icu_case_realtime.py completed successfully
[2026-02-18 05:30:04]   RUN: 08_sync_mortality_ami.py (source: 8_sync_mortality_ami.sql)
--- Output of 08_sync_mortality_ami.py ---
transform_sync_mortality_ami: inserted 42 rows from sources ['8_sync_mortality_ami.sql']
--- End of 08_sync_mortality_ami.py (exit=0) ---
[2026-02-18 05:30:04]   OK: 08_sync_mortality_ami.py completed successfully
[2026-02-18 05:30:04]   RUN: 09_sync_mortality_sepsis.py (source: 9_sync_mortality_sepsis.sql)
--- Output of 09_sync_mortality_sepsis.py ---
transform_sync_mortality_sepsis: inserted 43 rows from sources ['9_sync_mortality_sepsis.sql']
--- End of 09_sync_mortality_sepsis.py (exit=0) ---
[2026-02-18 05:30:05]   OK: 09_sync_mortality_sepsis.py completed successfully
[2026-02-18 05:30:05] Summary: 13 executed, 0 skipped, 13 total sources
[2026-02-18 06:00:01] Found pending data for 1 source(s): ['1_sync_bed_an_occupancy.sql']
[2026-02-18 06:00:01]   RUN: 01_sync_bed_an_occupancy.py (source: 1_sync_bed_an_occupancy.sql)
--- Output of 01_sync_bed_an_occupancy.py ---
transform_sync_bed_an_occupancy: inserted 7209 rows from sources ['1_sync_bed_an_occupancy.sql']
--- End of 01_sync_bed_an_occupancy.py (exit=0) ---
[2026-02-18 06:00:02]   OK: 01_sync_bed_an_occupancy.py completed successfully
[2026-02-18 06:00:02] Summary: 1 executed, 0 skipped, 1 total sources
[2026-02-18 06:30:01] Found pending data for 14 source(s): ['14_sync_waiting_time_cataract.sql', '4_sync_drgs_rw_top10.sql', '9_sync_mortality_sepsis.sql', '8_sync_mortality_ami.sql', '15_sync_waiting_time_hernia.sql', '0_sync_test.sql', '6_sync_icu_semi_icu_case_realtime.sql', '5_sync_drgs_sum.sql', '13_sync_refer_top10.sql', '3_sync_critical_wait_bed.sql', '12_sync_refer_paperless.sql', '2_sync_bed_type_all.sql', '10_sync_normal_ward_death.sql', '1_sync_bed_an_occupancy.sql']
[2026-02-18 06:30:01]   RUN: 00_sync_test.py (source: 0_sync_test.sql)
--- Output of 00_sync_test.py ---
transform_sync_test: inserted 1 rows from sources ['0_sync_test.sql']
--- End of 00_sync_test.py (exit=0) ---
[2026-02-18 06:30:02]   OK: 00_sync_test.py completed successfully
[2026-02-18 06:30:02]   RUN: 10_sync_normal_ward_death.py (source: 10_sync_normal_ward_death.sql)
--- Output of 10_sync_normal_ward_death.py ---
transform_sync_normal_ward_death: inserted 10 rows from sources ['10_sync_normal_ward_death.sql']
--- End of 10_sync_normal_ward_death.py (exit=0) ---
[2026-02-18 06:30:02]   OK: 10_sync_normal_ward_death.py completed successfully
[2026-02-18 06:30:02]   RUN: 12_sync_refer_paperless.py (source: 12_sync_refer_paperless.sql)
--- Output of 12_sync_refer_paperless.py ---
transform_sync_refer_paperless: inserted 34 rows from sources ['12_sync_refer_paperless.sql']
--- End of 12_sync_refer_paperless.py (exit=0) ---
[2026-02-18 06:30:02]   OK: 12_sync_refer_paperless.py completed successfully
[2026-02-18 06:30:02]   RUN: 13_sync_refer_top10.py (source: 13_sync_refer_top10.sql)
--- Output of 13_sync_refer_top10.py ---
transform_sync_refer_top10: inserted 20 rows from sources ['13_sync_refer_top10.sql']
--- End of 13_sync_refer_top10.py (exit=0) ---
[2026-02-18 06:30:02]   OK: 13_sync_refer_top10.py completed successfully
[2026-02-18 06:30:02]   RUN: 14_sync_waiting_time_cataract.py (source: 14_sync_waiting_time_cataract.sql)
--- Output of 14_sync_waiting_time_cataract.py ---
transform_sync_waiting_time_cataract: inserted 36 rows from sources ['14_sync_waiting_time_cataract.sql']
--- End of 14_sync_waiting_time_cataract.py (exit=0) ---
[2026-02-18 06:30:02]   OK: 14_sync_waiting_time_cataract.py completed successfully
[2026-02-18 06:30:02]   RUN: 15_sync_waiting_time_hernia.py (source: 15_sync_waiting_time_hernia.sql)
--- Output of 15_sync_waiting_time_hernia.py ---
transform_sync_waiting_time_hernia: inserted 32 rows from sources ['15_sync_waiting_time_hernia.sql']
--- End of 15_sync_waiting_time_hernia.py (exit=0) ---
[2026-02-18 06:30:03]   OK: 15_sync_waiting_time_hernia.py completed successfully
[2026-02-18 06:30:03]   RUN: 01_sync_bed_an_occupancy.py (source: 1_sync_bed_an_occupancy.sql)
--- Output of 01_sync_bed_an_occupancy.py ---
transform_sync_bed_an_occupancy: inserted 8820 rows from sources ['1_sync_bed_an_occupancy.sql']
--- End of 01_sync_bed_an_occupancy.py (exit=0) ---
[2026-02-18 06:30:04]   OK: 01_sync_bed_an_occupancy.py completed successfully
[2026-02-18 06:30:04]   RUN: 02_sync_bed_type_all.py (source: 2_sync_bed_type_all.sql)
--- Output of 02_sync_bed_type_all.py ---
transform_sync_bed_type_all: inserted 475 rows from sources ['2_sync_bed_type_all.sql']
--- End of 02_sync_bed_type_all.py (exit=0) ---
[2026-02-18 06:30:04]   OK: 02_sync_bed_type_all.py completed successfully
[2026-02-18 06:30:04]   RUN: 03_sync_critical_wait_bed.py (source: 3_sync_critical_wait_bed.sql)
--- Output of 03_sync_critical_wait_bed.py ---
transform_sync_critical_wait_bed: inserted 13 rows from sources ['3_sync_critical_wait_bed.sql']
--- End of 03_sync_critical_wait_bed.py (exit=0) ---
[2026-02-18 06:30:05]   OK: 03_sync_critical_wait_bed.py completed successfully
[2026-02-18 06:30:05]   RUN: 04_sync_drgs_rw_top10.py (source: 4_sync_drgs_rw_top10.sql)
--- Output of 04_sync_drgs_rw_top10.py ---
transform_sync_drgs_rw_top10: inserted 20 rows from sources ['4_sync_drgs_rw_top10.sql']
--- End of 04_sync_drgs_rw_top10.py (exit=0) ---
[2026-02-18 06:30:05]   OK: 04_sync_drgs_rw_top10.py completed successfully
[2026-02-18 06:30:05]   RUN: 05_sync_drgs_sum.py (source: 5_sync_drgs_sum.sql)
--- Output of 05_sync_drgs_sum.py ---
transform_sync_drgs_sum: inserted 34 rows from sources ['5_sync_drgs_sum.sql']
--- End of 05_sync_drgs_sum.py (exit=0) ---
[2026-02-18 06:30:05]   OK: 05_sync_drgs_sum.py completed successfully
[2026-02-18 06:30:05]   RUN: 06_sync_icu_semi_icu_case_realtime.py (source: 6_sync_icu_semi_icu_case_realtime.sql)
--- Output of 06_sync_icu_semi_icu_case_realtime.py ---
transform_sync_icu_semi_icu_case_realtime: inserted 2 rows from sources ['6_sync_icu_semi_icu_case_realtime.sql']
--- End of 06_sync_icu_semi_icu_case_realtime.py (exit=0) ---
[2026-02-18 06:30:05]   OK: 06_sync_icu_semi_icu_case_realtime.py completed successfully
[2026-02-18 06:30:05]   RUN: 08_sync_mortality_ami.py (source: 8_sync_mortality_ami.sql)
--- Output of 08_sync_mortality_ami.py ---
transform_sync_mortality_ami: inserted 42 rows from sources ['8_sync_mortality_ami.sql']
--- End of 08_sync_mortality_ami.py (exit=0) ---
[2026-02-18 06:30:05]   OK: 08_sync_mortality_ami.py completed successfully
[2026-02-18 06:30:05]   RUN: 09_sync_mortality_sepsis.py (source: 9_sync_mortality_sepsis.sql)
--- Output of 09_sync_mortality_sepsis.py ---
transform_sync_mortality_sepsis: inserted 43 rows from sources ['9_sync_mortality_sepsis.sql']
--- End of 09_sync_mortality_sepsis.py (exit=0) ---
[2026-02-18 06:30:06]   OK: 09_sync_mortality_sepsis.py completed successfully
[2026-02-18 06:30:06] Summary: 14 executed, 0 skipped, 14 total sources
[2026-02-18 07:00:01] Found pending data for 3 source(s): ['2_sync_bed_type_all.sql', '0_sync_test.sql', '1_sync_bed_an_occupancy.sql']
[2026-02-18 07:00:01]   RUN: 00_sync_test.py (source: 0_sync_test.sql)
--- Output of 00_sync_test.py ---
transform_sync_test: inserted 2 rows from sources ['0_sync_test.sql']
--- End of 00_sync_test.py (exit=0) ---
[2026-02-18 07:00:01]   OK: 00_sync_test.py completed successfully
[2026-02-18 07:00:01]   RUN: 01_sync_bed_an_occupancy.py (source: 1_sync_bed_an_occupancy.sql)
--- Output of 01_sync_bed_an_occupancy.py ---
transform_sync_bed_an_occupancy: inserted 8264 rows from sources ['1_sync_bed_an_occupancy.sql']
--- End of 01_sync_bed_an_occupancy.py (exit=0) ---
[2026-02-18 07:00:03]   OK: 01_sync_bed_an_occupancy.py completed successfully
[2026-02-18 07:00:03]   RUN: 02_sync_bed_type_all.py (source: 2_sync_bed_type_all.sql)
--- Output of 02_sync_bed_type_all.py ---
transform_sync_bed_type_all: inserted 187 rows from sources ['2_sync_bed_type_all.sql']
--- End of 02_sync_bed_type_all.py (exit=0) ---
[2026-02-18 07:00:03]   OK: 02_sync_bed_type_all.py completed successfully
[2026-02-18 07:00:03] Summary: 3 executed, 0 skipped, 3 total sources
[2026-02-18 07:30:01] Found pending data for 14 source(s): ['14_sync_waiting_time_cataract.sql', '4_sync_drgs_rw_top10.sql', '9_sync_mortality_sepsis.sql', '8_sync_mortality_ami.sql', '15_sync_waiting_time_hernia.sql', '0_sync_test.sql', '6_sync_icu_semi_icu_case_realtime.sql', '5_sync_drgs_sum.sql', '13_sync_refer_top10.sql', '3_sync_critical_wait_bed.sql', '12_sync_refer_paperless.sql', '2_sync_bed_type_all.sql', '10_sync_normal_ward_death.sql', '1_sync_bed_an_occupancy.sql']
[2026-02-18 07:30:01]   RUN: 00_sync_test.py (source: 0_sync_test.sql)
--- Output of 00_sync_test.py ---
transform_sync_test: inserted 2 rows from sources ['0_sync_test.sql']
--- End of 00_sync_test.py (exit=0) ---
[2026-02-18 07:30:01]   OK: 00_sync_test.py completed successfully
[2026-02-18 07:30:01]   RUN: 10_sync_normal_ward_death.py (source: 10_sync_normal_ward_death.sql)
--- Output of 10_sync_normal_ward_death.py ---
transform_sync_normal_ward_death: inserted 10 rows from sources ['10_sync_normal_ward_death.sql']
--- End of 10_sync_normal_ward_death.py (exit=0) ---
[2026-02-18 07:30:01]   OK: 10_sync_normal_ward_death.py completed successfully
[2026-02-18 07:30:01]   RUN: 12_sync_refer_paperless.py (source: 12_sync_refer_paperless.sql)
--- Output of 12_sync_refer_paperless.py ---
transform_sync_refer_paperless: inserted 17 rows from sources ['12_sync_refer_paperless.sql']
--- End of 12_sync_refer_paperless.py (exit=0) ---
[2026-02-18 07:30:02]   OK: 12_sync_refer_paperless.py completed successfully
[2026-02-18 07:30:02]   RUN: 13_sync_refer_top10.py (source: 13_sync_refer_top10.sql)
--- Output of 13_sync_refer_top10.py ---
transform_sync_refer_top10: inserted 10 rows from sources ['13_sync_refer_top10.sql']
--- End of 13_sync_refer_top10.py (exit=0) ---
[2026-02-18 07:30:02]   OK: 13_sync_refer_top10.py completed successfully
[2026-02-18 07:30:02]   RUN: 14_sync_waiting_time_cataract.py (source: 14_sync_waiting_time_cataract.sql)
--- Output of 14_sync_waiting_time_cataract.py ---
transform_sync_waiting_time_cataract: inserted 18 rows from sources ['14_sync_waiting_time_cataract.sql']
--- End of 14_sync_waiting_time_cataract.py (exit=0) ---
[2026-02-18 07:30:02]   OK: 14_sync_waiting_time_cataract.py completed successfully
[2026-02-18 07:30:02]   RUN: 15_sync_waiting_time_hernia.py (source: 15_sync_waiting_time_hernia.sql)
--- Output of 15_sync_waiting_time_hernia.py ---
transform_sync_waiting_time_hernia: inserted 17 rows from sources ['15_sync_waiting_time_hernia.sql']
--- End of 15_sync_waiting_time_hernia.py (exit=0) ---
[2026-02-18 07:30:02]   OK: 15_sync_waiting_time_hernia.py completed successfully
[2026-02-18 07:30:02]   RUN: 01_sync_bed_an_occupancy.py (source: 1_sync_bed_an_occupancy.sql)
--- Output of 01_sync_bed_an_occupancy.py ---
transform_sync_bed_an_occupancy: inserted 9587 rows from sources ['1_sync_bed_an_occupancy.sql']
--- End of 01_sync_bed_an_occupancy.py (exit=0) ---
[2026-02-18 07:30:04]   OK: 01_sync_bed_an_occupancy.py completed successfully
[2026-02-18 07:30:04]   RUN: 02_sync_bed_type_all.py (source: 2_sync_bed_type_all.sql)
--- Output of 02_sync_bed_type_all.py ---
transform_sync_bed_type_all: inserted 288 rows from sources ['2_sync_bed_type_all.sql']
--- End of 02_sync_bed_type_all.py (exit=0) ---
[2026-02-18 07:30:04]   OK: 02_sync_bed_type_all.py completed successfully
[2026-02-18 07:30:04]   RUN: 03_sync_critical_wait_bed.py (source: 3_sync_critical_wait_bed.sql)
--- Output of 03_sync_critical_wait_bed.py ---
transform_sync_critical_wait_bed: inserted 13 rows from sources ['3_sync_critical_wait_bed.sql']
--- End of 03_sync_critical_wait_bed.py (exit=0) ---
[2026-02-18 07:30:04]   OK: 03_sync_critical_wait_bed.py completed successfully
[2026-02-18 07:30:04]   RUN: 04_sync_drgs_rw_top10.py (source: 4_sync_drgs_rw_top10.sql)
--- Output of 04_sync_drgs_rw_top10.py ---
transform_sync_drgs_rw_top10: inserted 10 rows from sources ['4_sync_drgs_rw_top10.sql']
--- End of 04_sync_drgs_rw_top10.py (exit=0) ---
[2026-02-18 07:30:04]   OK: 04_sync_drgs_rw_top10.py completed successfully
[2026-02-18 07:30:04]   RUN: 05_sync_drgs_sum.py (source: 5_sync_drgs_sum.sql)
--- Output of 05_sync_drgs_sum.py ---
transform_sync_drgs_sum: inserted 17 rows from sources ['5_sync_drgs_sum.sql']
--- End of 05_sync_drgs_sum.py (exit=0) ---
[2026-02-18 07:30:05]   OK: 05_sync_drgs_sum.py completed successfully
[2026-02-18 07:30:05]   RUN: 06_sync_icu_semi_icu_case_realtime.py (source: 6_sync_icu_semi_icu_case_realtime.sql)
--- Output of 06_sync_icu_semi_icu_case_realtime.py ---
transform_sync_icu_semi_icu_case_realtime: inserted 1 rows from sources ['6_sync_icu_semi_icu_case_realtime.sql']
--- End of 06_sync_icu_semi_icu_case_realtime.py (exit=0) ---
[2026-02-18 07:30:05]   OK: 06_sync_icu_semi_icu_case_realtime.py completed successfully
[2026-02-18 07:30:05]   RUN: 08_sync_mortality_ami.py (source: 8_sync_mortality_ami.sql)
--- Output of 08_sync_mortality_ami.py ---
transform_sync_mortality_ami: inserted 20 rows from sources ['8_sync_mortality_ami.sql']
--- End of 08_sync_mortality_ami.py (exit=0) ---
[2026-02-18 07:30:05]   OK: 08_sync_mortality_ami.py completed successfully
[2026-02-18 07:30:05]   RUN: 09_sync_mortality_sepsis.py (source: 9_sync_mortality_sepsis.sql)
--- Output of 09_sync_mortality_sepsis.py ---
transform_sync_mortality_sepsis: inserted 20 rows from sources ['9_sync_mortality_sepsis.sql']
--- End of 09_sync_mortality_sepsis.py (exit=0) ---
[2026-02-18 07:30:05]   OK: 09_sync_mortality_sepsis.py completed successfully
[2026-02-18 07:30:05] Summary: 14 executed, 0 skipped, 14 total sources
[2026-02-18 08:00:02] Found pending data for 3 source(s): ['4_sync_drgs_rw_top10.sql', '0_sync_test.sql', '1_sync_bed_an_occupancy.sql']
[2026-02-18 08:00:02]   RUN: 00_sync_test.py (source: 0_sync_test.sql)
--- Output of 00_sync_test.py ---
transform_sync_test: inserted 1 rows from sources ['0_sync_test.sql']
--- End of 00_sync_test.py (exit=0) ---
[2026-02-18 08:00:02]   OK: 00_sync_test.py completed successfully
[2026-02-18 08:00:02]   RUN: 01_sync_bed_an_occupancy.py (source: 1_sync_bed_an_occupancy.sql)
--- Output of 01_sync_bed_an_occupancy.py ---
transform_sync_bed_an_occupancy: inserted 5511 rows from sources ['1_sync_bed_an_occupancy.sql']
--- End of 01_sync_bed_an_occupancy.py (exit=0) ---
[2026-02-18 08:00:03]   OK: 01_sync_bed_an_occupancy.py completed successfully
[2026-02-18 08:00:03]   RUN: 04_sync_drgs_rw_top10.py (source: 4_sync_drgs_rw_top10.sql)
--- Output of 04_sync_drgs_rw_top10.py ---
transform_sync_drgs_rw_top10: inserted 10 rows from sources ['4_sync_drgs_rw_top10.sql']
--- End of 04_sync_drgs_rw_top10.py (exit=0) ---
[2026-02-18 08:00:03]   OK: 04_sync_drgs_rw_top10.py completed successfully
[2026-02-18 08:00:03] Summary: 3 executed, 0 skipped, 3 total sources
[2026-02-18 08:30:01] Found pending data for 14 source(s): ['14_sync_waiting_time_cataract.sql', '4_sync_drgs_rw_top10.sql', '9_sync_mortality_sepsis.sql', '8_sync_mortality_ami.sql', '15_sync_waiting_time_hernia.sql', '0_sync_test.sql', '6_sync_icu_semi_icu_case_realtime.sql', '5_sync_drgs_sum.sql', '13_sync_refer_top10.sql', '3_sync_critical_wait_bed.sql', '12_sync_refer_paperless.sql', '2_sync_bed_type_all.sql', '10_sync_normal_ward_death.sql', '1_sync_bed_an_occupancy.sql']
[2026-02-18 08:30:01]   RUN: 00_sync_test.py (source: 0_sync_test.sql)
--- Output of 00_sync_test.py ---
transform_sync_test: inserted 1 rows from sources ['0_sync_test.sql']
--- End of 00_sync_test.py (exit=0) ---
[2026-02-18 08:30:01]   OK: 00_sync_test.py completed successfully
[2026-02-18 08:30:01]   RUN: 10_sync_normal_ward_death.py (source: 10_sync_normal_ward_death.sql)
--- Output of 10_sync_normal_ward_death.py ---
transform_sync_normal_ward_death: inserted 10 rows from sources ['10_sync_normal_ward_death.sql']
--- End of 10_sync_normal_ward_death.py (exit=0) ---
[2026-02-18 08:30:02]   OK: 10_sync_normal_ward_death.py completed successfully
[2026-02-18 08:30:02]   RUN: 12_sync_refer_paperless.py (source: 12_sync_refer_paperless.sql)
--- Output of 12_sync_refer_paperless.py ---
transform_sync_refer_paperless: inserted 17 rows from sources ['12_sync_refer_paperless.sql']
--- End of 12_sync_refer_paperless.py (exit=0) ---
[2026-02-18 08:30:02]   OK: 12_sync_refer_paperless.py completed successfully
[2026-02-18 08:30:02]   RUN: 13_sync_refer_top10.py (source: 13_sync_refer_top10.sql)
--- Output of 13_sync_refer_top10.py ---
transform_sync_refer_top10: inserted 10 rows from sources ['13_sync_refer_top10.sql']
--- End of 13_sync_refer_top10.py (exit=0) ---
[2026-02-18 08:30:02]   OK: 13_sync_refer_top10.py completed successfully
[2026-02-18 08:30:02]   RUN: 14_sync_waiting_time_cataract.py (source: 14_sync_waiting_time_cataract.sql)
--- Output of 14_sync_waiting_time_cataract.py ---
transform_sync_waiting_time_cataract: inserted 18 rows from sources ['14_sync_waiting_time_cataract.sql']
--- End of 14_sync_waiting_time_cataract.py (exit=0) ---
[2026-02-18 08:30:02]   OK: 14_sync_waiting_time_cataract.py completed successfully
[2026-02-18 08:30:02]   RUN: 15_sync_waiting_time_hernia.py (source: 15_sync_waiting_time_hernia.sql)
--- Output of 15_sync_waiting_time_hernia.py ---
transform_sync_waiting_time_hernia: inserted 17 rows from sources ['15_sync_waiting_time_hernia.sql']
--- End of 15_sync_waiting_time_hernia.py (exit=0) ---
[2026-02-18 08:30:03]   OK: 15_sync_waiting_time_hernia.py completed successfully
[2026-02-18 08:30:03]   RUN: 01_sync_bed_an_occupancy.py (source: 1_sync_bed_an_occupancy.sql)
--- Output of 01_sync_bed_an_occupancy.py ---
transform_sync_bed_an_occupancy: inserted 6633 rows from sources ['1_sync_bed_an_occupancy.sql']
--- End of 01_sync_bed_an_occupancy.py (exit=0) ---
[2026-02-18 08:30:04]   OK: 01_sync_bed_an_occupancy.py completed successfully
[2026-02-18 08:30:04]   RUN: 02_sync_bed_type_all.py (source: 2_sync_bed_type_all.sql)
--- Output of 02_sync_bed_type_all.py ---
transform_sync_bed_type_all: inserted 288 rows from sources ['2_sync_bed_type_all.sql']
--- End of 02_sync_bed_type_all.py (exit=0) ---
[2026-02-18 08:30:04]   OK: 02_sync_bed_type_all.py completed successfully
[2026-02-18 08:30:04]   RUN: 03_sync_critical_wait_bed.py (source: 3_sync_critical_wait_bed.sql)
--- Output of 03_sync_critical_wait_bed.py ---
transform_sync_critical_wait_bed: inserted 6 rows from sources ['3_sync_critical_wait_bed.sql']
--- End of 03_sync_critical_wait_bed.py (exit=0) ---
[2026-02-18 08:30:04]   OK: 03_sync_critical_wait_bed.py completed successfully
[2026-02-18 08:30:04]   RUN: 04_sync_drgs_rw_top10.py (source: 4_sync_drgs_rw_top10.sql)
--- Output of 04_sync_drgs_rw_top10.py ---
transform_sync_drgs_rw_top10: inserted 10 rows from sources ['4_sync_drgs_rw_top10.sql']
--- End of 04_sync_drgs_rw_top10.py (exit=0) ---
[2026-02-18 08:30:04]   OK: 04_sync_drgs_rw_top10.py completed successfully
[2026-02-18 08:30:04]   RUN: 05_sync_drgs_sum.py (source: 5_sync_drgs_sum.sql)
--- Output of 05_sync_drgs_sum.py ---
transform_sync_drgs_sum: inserted 34 rows from sources ['5_sync_drgs_sum.sql']
--- End of 05_sync_drgs_sum.py (exit=0) ---
[2026-02-18 08:30:04]   OK: 05_sync_drgs_sum.py completed successfully
[2026-02-18 08:30:04]   RUN: 06_sync_icu_semi_icu_case_realtime.py (source: 6_sync_icu_semi_icu_case_realtime.sql)
--- Output of 06_sync_icu_semi_icu_case_realtime.py ---
transform_sync_icu_semi_icu_case_realtime: inserted 1 rows from sources ['6_sync_icu_semi_icu_case_realtime.sql']
--- End of 06_sync_icu_semi_icu_case_realtime.py (exit=0) ---
[2026-02-18 08:30:05]   OK: 06_sync_icu_semi_icu_case_realtime.py completed successfully
[2026-02-18 08:30:05]   RUN: 08_sync_mortality_ami.py (source: 8_sync_mortality_ami.sql)
--- Output of 08_sync_mortality_ami.py ---
transform_sync_mortality_ami: inserted 20 rows from sources ['8_sync_mortality_ami.sql']
--- End of 08_sync_mortality_ami.py (exit=0) ---
[2026-02-18 08:30:05]   OK: 08_sync_mortality_ami.py completed successfully
[2026-02-18 08:30:05]   RUN: 09_sync_mortality_sepsis.py (source: 9_sync_mortality_sepsis.sql)
--- Output of 09_sync_mortality_sepsis.py ---
transform_sync_mortality_sepsis: inserted 20 rows from sources ['9_sync_mortality_sepsis.sql']
--- End of 09_sync_mortality_sepsis.py (exit=0) ---
[2026-02-18 08:30:05]   OK: 09_sync_mortality_sepsis.py completed successfully
[2026-02-18 08:30:05] Summary: 14 executed, 0 skipped, 14 total sources
[2026-02-18 09:00:01] Found pending data for 3 source(s): ['0_sync_test.sql', '6_sync_icu_semi_icu_case_realtime.sql', '1_sync_bed_an_occupancy.sql']
[2026-02-18 09:00:01]   RUN: 00_sync_test.py (source: 0_sync_test.sql)
--- Output of 00_sync_test.py ---
transform_sync_test: inserted 1 rows from sources ['0_sync_test.sql']
--- End of 00_sync_test.py (exit=0) ---
[2026-02-18 09:00:01]   OK: 00_sync_test.py completed successfully
[2026-02-18 09:00:01]   RUN: 01_sync_bed_an_occupancy.py (source: 1_sync_bed_an_occupancy.sql)
--- Output of 01_sync_bed_an_occupancy.py ---
transform_sync_bed_an_occupancy: inserted 4905 rows from sources ['1_sync_bed_an_occupancy.sql']
--- End of 01_sync_bed_an_occupancy.py (exit=0) ---
[2026-02-18 09:00:02]   OK: 01_sync_bed_an_occupancy.py completed successfully
[2026-02-18 09:00:02]   RUN: 06_sync_icu_semi_icu_case_realtime.py (source: 6_sync_icu_semi_icu_case_realtime.sql)
--- Output of 06_sync_icu_semi_icu_case_realtime.py ---
transform_sync_icu_semi_icu_case_realtime: inserted 1 rows from sources ['6_sync_icu_semi_icu_case_realtime.sql']
--- End of 06_sync_icu_semi_icu_case_realtime.py (exit=0) ---
[2026-02-18 09:00:03]   OK: 06_sync_icu_semi_icu_case_realtime.py completed successfully
[2026-02-18 09:00:03] Summary: 3 executed, 0 skipped, 3 total sources
[2026-02-18 09:30:01] Found pending data for 1 source(s): ['0_sync_test.sql']
[2026-02-18 09:30:01]   RUN: 00_sync_test.py (source: 0_sync_test.sql)
--- Output of 00_sync_test.py ---
transform_sync_test: inserted 3 rows from sources ['0_sync_test.sql']
--- End of 00_sync_test.py (exit=0) ---
[2026-02-18 09:30:01]   OK: 00_sync_test.py completed successfully
[2026-02-18 09:30:01] Summary: 1 executed, 0 skipped, 1 total sources
[2026-02-18 10:00:01] Found pending data for 5 source(s): ['2_sync_bed_type_all.sql', '0_sync_test.sql', '9_sync_mortality_sepsis.sql', '8_sync_mortality_ami.sql', '1_sync_bed_an_occupancy.sql']
[2026-02-18 10:00:01]   RUN: 00_sync_test.py (source: 0_sync_test.sql)
--- Output of 00_sync_test.py ---
transform_sync_test: inserted 3 rows from sources ['0_sync_test.sql']
--- End of 00_sync_test.py (exit=0) ---
[2026-02-18 10:00:01]   OK: 00_sync_test.py completed successfully
[2026-02-18 10:00:01]   RUN: 01_sync_bed_an_occupancy.py (source: 1_sync_bed_an_occupancy.sql)
--- Output of 01_sync_bed_an_occupancy.py ---
transform_sync_bed_an_occupancy: inserted 986 rows from sources ['1_sync_bed_an_occupancy.sql']
--- End of 01_sync_bed_an_occupancy.py (exit=0) ---
[2026-02-18 10:00:02]   OK: 01_sync_bed_an_occupancy.py completed successfully
[2026-02-18 10:00:02]   RUN: 02_sync_bed_type_all.py (source: 2_sync_bed_type_all.sql)
--- Output of 02_sync_bed_type_all.py ---
transform_sync_bed_type_all: inserted 222 rows from sources ['2_sync_bed_type_all.sql']
--- End of 02_sync_bed_type_all.py (exit=0) ---
[2026-02-18 10:00:02]   OK: 02_sync_bed_type_all.py completed successfully
[2026-02-18 10:00:02]   RUN: 08_sync_mortality_ami.py (source: 8_sync_mortality_ami.sql)
--- Output of 08_sync_mortality_ami.py ---
transform_sync_mortality_ami: inserted 58 rows from sources ['8_sync_mortality_ami.sql']
--- End of 08_sync_mortality_ami.py (exit=0) ---
[2026-02-18 10:00:02]   OK: 08_sync_mortality_ami.py completed successfully
[2026-02-18 10:00:02]   RUN: 09_sync_mortality_sepsis.py (source: 9_sync_mortality_sepsis.sql)
--- Output of 09_sync_mortality_sepsis.py ---
transform_sync_mortality_sepsis: inserted 11 rows from sources ['9_sync_mortality_sepsis.sql']
--- End of 09_sync_mortality_sepsis.py (exit=0) ---
[2026-02-18 10:00:02]   OK: 09_sync_mortality_sepsis.py completed successfully
[2026-02-18 10:00:02] Summary: 5 executed, 0 skipped, 5 total sources
[2026-02-18 10:30:01] Found pending data for 3 source(s): ['0_sync_test.sql', '9_sync_mortality_sepsis.sql', '1_sync_bed_an_occupancy.sql']
[2026-02-18 10:30:01]   RUN: 00_sync_test.py (source: 0_sync_test.sql)
--- Output of 00_sync_test.py ---
transform_sync_test: inserted 4 rows from sources ['0_sync_test.sql']
--- End of 00_sync_test.py (exit=0) ---
[2026-02-18 10:30:02]   OK: 00_sync_test.py completed successfully
[2026-02-18 10:30:02]   RUN: 01_sync_bed_an_occupancy.py (source: 1_sync_bed_an_occupancy.sql)
--- Output of 01_sync_bed_an_occupancy.py ---
transform_sync_bed_an_occupancy: inserted 2719 rows from sources ['1_sync_bed_an_occupancy.sql']
--- End of 01_sync_bed_an_occupancy.py (exit=0) ---
[2026-02-18 10:30:02]   OK: 01_sync_bed_an_occupancy.py completed successfully
[2026-02-18 10:30:02]   RUN: 09_sync_mortality_sepsis.py (source: 9_sync_mortality_sepsis.sql)
--- Output of 09_sync_mortality_sepsis.py ---
transform_sync_mortality_sepsis: inserted 68 rows from sources ['9_sync_mortality_sepsis.sql']
--- End of 09_sync_mortality_sepsis.py (exit=0) ---
[2026-02-18 10:30:02]   OK: 09_sync_mortality_sepsis.py completed successfully
[2026-02-18 10:30:02] Summary: 3 executed, 0 skipped, 3 total sources
[2026-02-18 11:00:01] Found pending data for 2 source(s): ['0_sync_test.sql', '10_sync_normal_ward_death.sql']
[2026-02-18 11:00:01]   RUN: 00_sync_test.py (source: 0_sync_test.sql)
--- Output of 00_sync_test.py ---
transform_sync_test: inserted 3 rows from sources ['0_sync_test.sql']
--- End of 00_sync_test.py (exit=0) ---
[2026-02-18 11:00:01]   OK: 00_sync_test.py completed successfully
[2026-02-18 11:00:01]   RUN: 10_sync_normal_ward_death.py (source: 10_sync_normal_ward_death.sql)
--- Output of 10_sync_normal_ward_death.py ---
transform_sync_normal_ward_death: inserted 20 rows from sources ['10_sync_normal_ward_death.sql']
--- End of 10_sync_normal_ward_death.py (exit=0) ---
[2026-02-18 11:00:01]   OK: 10_sync_normal_ward_death.py completed successfully
[2026-02-18 11:00:01] Summary: 2 executed, 0 skipped, 2 total sources
[2026-02-18 11:30:02] Found pending data for 3 source(s): ['0_sync_test.sql', '11_sync_or_utilization_rate.sql', '12_sync_refer_paperless.sql']
[2026-02-18 11:30:02]   RUN: 00_sync_test.py (source: 0_sync_test.sql)
--- Output of 00_sync_test.py ---
transform_sync_test: inserted 5 rows from sources ['0_sync_test.sql']
--- End of 00_sync_test.py (exit=0) ---
[2026-02-18 11:30:02]   OK: 00_sync_test.py completed successfully
[2026-02-18 11:30:02]   RUN: 11_sync_or_utilization_rate.py (source: 11_sync_or_utilization_rate.sql)
--- Output of 11_sync_or_utilization_rate.py ---
transform_sync_or_utilization_rate: inserted 13 rows from sources ['11_sync_or_utilization_rate.sql']
--- End of 11_sync_or_utilization_rate.py (exit=0) ---
[2026-02-18 11:30:03]   OK: 11_sync_or_utilization_rate.py completed successfully
[2026-02-18 11:30:03]   RUN: 12_sync_refer_paperless.py (source: 12_sync_refer_paperless.sql)
--- Output of 12_sync_refer_paperless.py ---
transform_sync_refer_paperless: inserted 21 rows from sources ['12_sync_refer_paperless.sql']
--- End of 12_sync_refer_paperless.py (exit=0) ---
[2026-02-18 11:30:03]   OK: 12_sync_refer_paperless.py completed successfully
[2026-02-18 11:30:03] Summary: 3 executed, 0 skipped, 3 total sources
[2026-02-18 12:00:01] Found pending data for 3 source(s): ['13_sync_refer_top10.sql', '0_sync_test.sql', '12_sync_refer_paperless.sql']
[2026-02-18 12:00:01]   RUN: 00_sync_test.py (source: 0_sync_test.sql)
--- Output of 00_sync_test.py ---
transform_sync_test: inserted 4 rows from sources ['0_sync_test.sql']
--- End of 00_sync_test.py (exit=0) ---
[2026-02-18 12:00:01]   OK: 00_sync_test.py completed successfully
[2026-02-18 12:00:01]   RUN: 12_sync_refer_paperless.py (source: 12_sync_refer_paperless.sql)
--- Output of 12_sync_refer_paperless.py ---
transform_sync_refer_paperless: inserted 64 rows from sources ['12_sync_refer_paperless.sql']
--- End of 12_sync_refer_paperless.py (exit=0) ---
[2026-02-18 12:00:02]   OK: 12_sync_refer_paperless.py completed successfully
[2026-02-18 12:00:02]   RUN: 13_sync_refer_top10.py (source: 13_sync_refer_top10.sql)
--- Output of 13_sync_refer_top10.py ---
transform_sync_refer_top10: inserted 8 rows from sources ['13_sync_refer_top10.sql']
--- End of 13_sync_refer_top10.py (exit=0) ---
[2026-02-18 12:00:02]   OK: 13_sync_refer_top10.py completed successfully
[2026-02-18 12:00:02] Summary: 3 executed, 0 skipped, 3 total sources
[2026-02-18 12:30:01] Found pending data for 2 source(s): ['13_sync_refer_top10.sql', '0_sync_test.sql']
[2026-02-18 12:30:01]   RUN: 00_sync_test.py (source: 0_sync_test.sql)
--- Output of 00_sync_test.py ---
transform_sync_test: inserted 2 rows from sources ['0_sync_test.sql']
--- End of 00_sync_test.py (exit=0) ---
[2026-02-18 12:30:01]   OK: 00_sync_test.py completed successfully
[2026-02-18 12:30:01]   RUN: 13_sync_refer_top10.py (source: 13_sync_refer_top10.sql)
--- Output of 13_sync_refer_top10.py ---
transform_sync_refer_top10: inserted 42 rows from sources ['13_sync_refer_top10.sql']
--- End of 13_sync_refer_top10.py (exit=0) ---
[2026-02-18 12:30:01]   OK: 13_sync_refer_top10.py completed successfully
[2026-02-18 12:30:01] Summary: 2 executed, 0 skipped, 2 total sources
[2026-02-18 13:00:02] Found pending data for 3 source(s): ['14_sync_waiting_time_cataract.sql', '0_sync_test.sql', '15_sync_waiting_time_hernia.sql']
[2026-02-18 13:00:02]   RUN: 00_sync_test.py (source: 0_sync_test.sql)
--- Output of 00_sync_test.py ---
transform_sync_test: inserted 5 rows from sources ['0_sync_test.sql']
--- End of 00_sync_test.py (exit=0) ---
[2026-02-18 13:00:02]   OK: 00_sync_test.py completed successfully
[2026-02-18 13:00:02]   RUN: 14_sync_waiting_time_cataract.py (source: 14_sync_waiting_time_cataract.sql)
--- Output of 14_sync_waiting_time_cataract.py ---
transform_sync_waiting_time_cataract: inserted 89 rows from sources ['14_sync_waiting_time_cataract.sql']
--- End of 14_sync_waiting_time_cataract.py (exit=0) ---
[2026-02-18 13:00:02]   OK: 14_sync_waiting_time_cataract.py completed successfully
[2026-02-18 13:00:02]   RUN: 15_sync_waiting_time_hernia.py (source: 15_sync_waiting_time_hernia.sql)
--- Output of 15_sync_waiting_time_hernia.py ---
transform_sync_waiting_time_hernia: inserted 13 rows from sources ['15_sync_waiting_time_hernia.sql']
--- End of 15_sync_waiting_time_hernia.py (exit=0) ---
[2026-02-18 13:00:02]   OK: 15_sync_waiting_time_hernia.py completed successfully
[2026-02-18 13:00:02] Summary: 3 executed, 0 skipped, 3 total sources
[2026-02-18 13:30:02] Found pending data for 2 source(s): ['15_sync_waiting_time_hernia.sql', '0_sync_test.sql']
[2026-02-18 13:30:02]   RUN: 00_sync_test.py (source: 0_sync_test.sql)
--- Output of 00_sync_test.py ---
transform_sync_test: inserted 4 rows from sources ['0_sync_test.sql']
--- End of 00_sync_test.py (exit=0) ---
[2026-02-18 13:30:02]   OK: 00_sync_test.py completed successfully
[2026-02-18 13:30:02]   RUN: 15_sync_waiting_time_hernia.py (source: 15_sync_waiting_time_hernia.sql)
--- Output of 15_sync_waiting_time_hernia.py ---
transform_sync_waiting_time_hernia: inserted 69 rows from sources ['15_sync_waiting_time_hernia.sql']
--- End of 15_sync_waiting_time_hernia.py (exit=0) ---
[2026-02-18 13:30:02]   OK: 15_sync_waiting_time_hernia.py completed successfully
[2026-02-18 13:30:02] Summary: 2 executed, 0 skipped, 2 total sources
[2026-02-18 14:00:01] Found pending data for 4 source(s): ['4_sync_drgs_rw_top10.sql', '2_sync_bed_type_all.sql', '0_sync_test.sql', '5_sync_drgs_sum.sql']
[2026-02-18 14:00:01]   RUN: 00_sync_test.py (source: 0_sync_test.sql)
--- Output of 00_sync_test.py ---
transform_sync_test: inserted 6 rows from sources ['0_sync_test.sql']
--- End of 00_sync_test.py (exit=0) ---
[2026-02-18 14:00:02]   OK: 00_sync_test.py completed successfully
[2026-02-18 14:00:02]   RUN: 02_sync_bed_type_all.py (source: 2_sync_bed_type_all.sql)
--- Output of 02_sync_bed_type_all.py ---
transform_sync_bed_type_all: inserted 290 rows from sources ['2_sync_bed_type_all.sql']
--- End of 02_sync_bed_type_all.py (exit=0) ---
[2026-02-18 14:00:02]   OK: 02_sync_bed_type_all.py completed successfully
[2026-02-18 14:00:02]   RUN: 04_sync_drgs_rw_top10.py (source: 4_sync_drgs_rw_top10.sql)
--- Output of 04_sync_drgs_rw_top10.py ---
transform_sync_drgs_rw_top10: inserted 10 rows from sources ['4_sync_drgs_rw_top10.sql']
--- End of 04_sync_drgs_rw_top10.py (exit=0) ---
[2026-02-18 14:00:02]   OK: 04_sync_drgs_rw_top10.py completed successfully
[2026-02-18 14:00:02]   RUN: 05_sync_drgs_sum.py (source: 5_sync_drgs_sum.sql)
--- Output of 05_sync_drgs_sum.py ---
transform_sync_drgs_sum: inserted 17 rows from sources ['5_sync_drgs_sum.sql']
--- End of 05_sync_drgs_sum.py (exit=0) ---
[2026-02-18 14:00:02]   OK: 05_sync_drgs_sum.py completed successfully
[2026-02-18 14:00:02] Summary: 4 executed, 0 skipped, 4 total sources
[2026-02-18 14:30:01] Found pending data for 1 source(s): ['0_sync_test.sql']
[2026-02-18 14:30:01]   RUN: 00_sync_test.py (source: 0_sync_test.sql)
--- Output of 00_sync_test.py ---
transform_sync_test: inserted 5 rows from sources ['0_sync_test.sql']
--- End of 00_sync_test.py (exit=0) ---
[2026-02-18 14:30:02]   OK: 00_sync_test.py completed successfully
[2026-02-18 14:30:02] Summary: 1 executed, 0 skipped, 1 total sources
[2026-02-18 15:00:01] Found pending data for 3 source(s): ['0_sync_test.sql', '4_sync_drgs_rw_top10.sql', '5_sync_drgs_sum.sql']
[2026-02-18 15:00:01]   RUN: 00_sync_test.py (source: 0_sync_test.sql)
--- Output of 00_sync_test.py ---
transform_sync_test: inserted 1 rows from sources ['0_sync_test.sql']
--- End of 00_sync_test.py (exit=0) ---
[2026-02-18 15:00:01]   OK: 00_sync_test.py completed successfully
[2026-02-18 15:00:01]   RUN: 04_sync_drgs_rw_top10.py (source: 4_sync_drgs_rw_top10.sql)
--- Output of 04_sync_drgs_rw_top10.py ---
transform_sync_drgs_rw_top10: inserted 10 rows from sources ['4_sync_drgs_rw_top10.sql']
--- End of 04_sync_drgs_rw_top10.py (exit=0) ---
[2026-02-18 15:00:01]   OK: 04_sync_drgs_rw_top10.py completed successfully
[2026-02-18 15:00:01]   RUN: 05_sync_drgs_sum.py (source: 5_sync_drgs_sum.sql)
--- Output of 05_sync_drgs_sum.py ---
transform_sync_drgs_sum: inserted 17 rows from sources ['5_sync_drgs_sum.sql']
--- End of 05_sync_drgs_sum.py (exit=0) ---
[2026-02-18 15:00:02]   OK: 05_sync_drgs_sum.py completed successfully
[2026-02-18 15:00:02] Summary: 3 executed, 0 skipped, 3 total sources
[2026-02-18 15:30:01] Found pending data for 1 source(s): ['0_sync_test.sql']
[2026-02-18 15:30:01]   RUN: 00_sync_test.py (source: 0_sync_test.sql)
--- Output of 00_sync_test.py ---
transform_sync_test: inserted 5 rows from sources ['0_sync_test.sql']
--- End of 00_sync_test.py (exit=0) ---
[2026-02-18 15:30:01]   OK: 00_sync_test.py completed successfully
[2026-02-18 15:30:01] Summary: 1 executed, 0 skipped, 1 total sources
[2026-02-18 16:00:01] Found pending data for 1 source(s): ['0_sync_test.sql']
[2026-02-18 16:00:01]   RUN: 00_sync_test.py (source: 0_sync_test.sql)
--- Output of 00_sync_test.py ---
transform_sync_test: inserted 5 rows from sources ['0_sync_test.sql']
--- End of 00_sync_test.py (exit=0) ---
[2026-02-18 16:00:02]   OK: 00_sync_test.py completed successfully
[2026-02-18 16:00:02] Summary: 1 executed, 0 skipped, 1 total sources
[2026-02-18 16:30:01] Found pending data for 1 source(s): ['0_sync_test.sql']
[2026-02-18 16:30:01]   RUN: 00_sync_test.py (source: 0_sync_test.sql)
--- Output of 00_sync_test.py ---
transform_sync_test: inserted 3 rows from sources ['0_sync_test.sql']
--- End of 00_sync_test.py (exit=0) ---
[2026-02-18 16:30:01]   OK: 00_sync_test.py completed successfully
[2026-02-18 16:30:01] Summary: 1 executed, 0 skipped, 1 total sources
[2026-02-18 17:00:01] Found pending data for 1 source(s): ['0_sync_test.sql']
[2026-02-18 17:00:01]   RUN: 00_sync_test.py (source: 0_sync_test.sql)
--- Output of 00_sync_test.py ---
transform_sync_test: inserted 6 rows from sources ['0_sync_test.sql']
--- End of 00_sync_test.py (exit=0) ---
[2026-02-18 17:00:02]   OK: 00_sync_test.py completed successfully
[2026-02-18 17:00:02] Summary: 1 executed, 0 skipped, 1 total sources
[2026-02-18 17:30:01] Found pending data for 1 source(s): ['0_sync_test.sql']
[2026-02-18 17:30:01]   RUN: 00_sync_test.py (source: 0_sync_test.sql)
--- Output of 00_sync_test.py ---
transform_sync_test: inserted 3 rows from sources ['0_sync_test.sql']
--- End of 00_sync_test.py (exit=0) ---
[2026-02-18 17:30:01]   OK: 00_sync_test.py completed successfully
[2026-02-18 17:30:01] Summary: 1 executed, 0 skipped, 1 total sources
[2026-02-18 18:00:01] Found pending data for 1 source(s): ['0_sync_test.sql']
[2026-02-18 18:00:01]   RUN: 00_sync_test.py (source: 0_sync_test.sql)
--- Output of 00_sync_test.py ---
transform_sync_test: inserted 5 rows from sources ['0_sync_test.sql']
--- End of 00_sync_test.py (exit=0) ---
[2026-02-18 18:00:02]   OK: 00_sync_test.py completed successfully
[2026-02-18 18:00:02] Summary: 1 executed, 0 skipped, 1 total sources
[2026-02-18 18:30:01] Found pending data for 1 source(s): ['0_sync_test.sql']
[2026-02-18 18:30:01]   RUN: 00_sync_test.py (source: 0_sync_test.sql)
--- Output of 00_sync_test.py ---
transform_sync_test: inserted 5 rows from sources ['0_sync_test.sql']
--- End of 00_sync_test.py (exit=0) ---
[2026-02-18 18:30:01]   OK: 00_sync_test.py completed successfully
[2026-02-18 18:30:01] Summary: 1 executed, 0 skipped, 1 total sources
[2026-02-18 19:00:01] Found pending data for 1 source(s): ['0_sync_test.sql']
[2026-02-18 19:00:01]   RUN: 00_sync_test.py (source: 0_sync_test.sql)
--- Output of 00_sync_test.py ---
transform_sync_test: inserted 6 rows from sources ['0_sync_test.sql']
--- End of 00_sync_test.py (exit=0) ---
[2026-02-18 19:00:01]   OK: 00_sync_test.py completed successfully
[2026-02-18 19:00:01] Summary: 1 executed, 0 skipped, 1 total sources
[2026-02-18 19:30:01] Found pending data for 1 source(s): ['0_sync_test.sql']
[2026-02-18 19:30:01]   RUN: 00_sync_test.py (source: 0_sync_test.sql)
--- Output of 00_sync_test.py ---
transform_sync_test: inserted 2 rows from sources ['0_sync_test.sql']
--- End of 00_sync_test.py (exit=0) ---
[2026-02-18 19:30:01]   OK: 00_sync_test.py completed successfully
[2026-02-18 19:30:01] Summary: 1 executed, 0 skipped, 1 total sources
[2026-02-18 20:00:01] Found pending data for 1 source(s): ['0_sync_test.sql']
[2026-02-18 20:00:01]   RUN: 00_sync_test.py (source: 0_sync_test.sql)
--- Output of 00_sync_test.py ---
transform_sync_test: inserted 6 rows from sources ['0_sync_test.sql']
--- End of 00_sync_test.py (exit=0) ---
[2026-02-18 20:00:01]   OK: 00_sync_test.py completed successfully
[2026-02-18 20:00:01] Summary: 1 executed, 0 skipped, 1 total sources
[2026-02-18 20:30:02] Found pending data for 1 source(s): ['0_sync_test.sql']
[2026-02-18 20:30:02]   RUN: 00_sync_test.py (source: 0_sync_test.sql)
--- Output of 00_sync_test.py ---
transform_sync_test: inserted 6 rows from sources ['0_sync_test.sql']
--- End of 00_sync_test.py (exit=0) ---
[2026-02-18 20:30:02]   OK: 00_sync_test.py completed successfully
[2026-02-18 20:30:02] Summary: 1 executed, 0 skipped, 1 total sources
[2026-02-18 21:00:01] Found pending data for 1 source(s): ['0_sync_test.sql']
[2026-02-18 21:00:01]   RUN: 00_sync_test.py (source: 0_sync_test.sql)
--- Output of 00_sync_test.py ---
transform_sync_test: inserted 4 rows from sources ['0_sync_test.sql']
--- End of 00_sync_test.py (exit=0) ---
[2026-02-18 21:00:01]   OK: 00_sync_test.py completed successfully
[2026-02-18 21:00:01] Summary: 1 executed, 0 skipped, 1 total sources
[2026-02-18 21:08:00] Found pending data for 1 source(s): ['0_sync_test.sql']
[2026-02-18 21:08:00]   RUN: 00_sync_test.py (source: 0_sync_test.sql)
--- Output of 00_sync_test.py ---
transform_sync_test: inserted 3 rows from sources ['0_sync_test.sql']
--- End of 00_sync_test.py (exit=0) ---
[2026-02-18 21:08:00]   OK: 00_sync_test.py completed successfully
[2026-02-18 21:08:00] Summary: 1 executed, 0 skipped, 1 total sources
[2026-02-18 21:08:00] Log saved to transform_log table.
[2026-02-18 21:09:58] No pending data in raw table. Nothing to do.
[2026-02-18 21:10:20] No pending data in raw table. Nothing to do.
[2026-02-18 21:10:32] Found pending data for 1 source(s): ['0_sync_test.sql']
[2026-02-18 21:10:32]   RUN: 00_sync_test.py (source: 0_sync_test.sql)
--- Output of 00_sync_test.py ---
transform_sync_test: inserted 1 rows from sources ['0_sync_test.sql']
--- End of 00_sync_test.py (exit=0) ---
[2026-02-18 21:10:32]   OK: 00_sync_test.py completed successfully
[2026-02-18 21:10:32] Summary: 1 executed, 0 skipped, 1 total sources
[2026-02-18 21:10:32] Log saved to transform_log table.
[2026-02-18 21:20:02] No pending data in raw table. Nothing to do.
[2026-02-18 21:40:01] Found pending data for 1 source(s): ['0_sync_test.sql']
[2026-02-18 21:40:01]   RUN: 00_sync_test.py (source: 0_sync_test.sql)
--- Output of 00_sync_test.py ---
transform_sync_test: inserted 6 rows from sources ['0_sync_test.sql']
--- End of 00_sync_test.py (exit=0) ---
[2026-02-18 21:40:01]   OK: 00_sync_test.py completed successfully
[2026-02-18 21:40:01] Summary: 1 executed, 0 skipped, 1 total sources
[2026-02-18 21:40:01] Log saved to transform_log table.
[2026-02-18 22:00:01] Found pending data for 1 source(s): ['0_sync_test.sql']
[2026-02-18 22:00:01]   RUN: 00_sync_test.py (source: 0_sync_test.sql)
--- Output of 00_sync_test.py ---
transform_sync_test: inserted 3 rows from sources ['0_sync_test.sql']
--- End of 00_sync_test.py (exit=0) ---
[2026-02-18 22:00:02]   OK: 00_sync_test.py completed successfully
[2026-02-18 22:00:02] Summary: 1 executed, 0 skipped, 1 total sources
[2026-02-18 22:00:02] Log saved to transform_log table.
[2026-02-18 22:20:01] Found pending data for 1 source(s): ['0_sync_test.sql']
[2026-02-18 22:20:01]   RUN: 00_sync_test.py (source: 0_sync_test.sql)
--- Output of 00_sync_test.py ---
transform_sync_test: inserted 3 rows from sources ['0_sync_test.sql']
--- End of 00_sync_test.py (exit=0) ---
[2026-02-18 22:20:01]   OK: 00_sync_test.py completed successfully
[2026-02-18 22:20:01] Summary: 1 executed, 0 skipped, 1 total sources
[2026-02-18 22:20:01] Log saved to transform_log table.
[2026-02-18 22:40:01] Found pending data for 1 source(s): ['0_sync_test.sql']
[2026-02-18 22:40:01]   RUN: 00_sync_test.py (source: 0_sync_test.sql)
--- Output of 00_sync_test.py ---
transform_sync_test: inserted 6 rows from sources ['0_sync_test.sql']
--- End of 00_sync_test.py (exit=0) ---
[2026-02-18 22:40:01]   OK: 00_sync_test.py completed successfully
[2026-02-18 22:40:01] Summary: 1 executed, 0 skipped, 1 total sources
[2026-02-18 22:40:01] Log saved to transform_log table.
[2026-02-18 23:00:02] Found pending data for 1 source(s): ['0_sync_test.sql']
[2026-02-18 23:00:02]   RUN: 00_sync_test.py (source: 0_sync_test.sql)
--- Output of 00_sync_test.py ---
transform_sync_test: inserted 5 rows from sources ['0_sync_test.sql']
--- End of 00_sync_test.py (exit=0) ---
[2026-02-18 23:00:02]   OK: 00_sync_test.py completed successfully
[2026-02-18 23:00:02] Summary: 1 executed, 0 skipped, 1 total sources
[2026-02-18 23:00:02] Log saved to transform_log table.
[2026-02-18 23:20:01] Found pending data for 1 source(s): ['0_sync_test.sql']
[2026-02-18 23:20:01]   RUN: 00_sync_test.py (source: 0_sync_test.sql)
--- Output of 00_sync_test.py ---
transform_sync_test: inserted 1 rows from sources ['0_sync_test.sql']
--- End of 00_sync_test.py (exit=0) ---
[2026-02-18 23:20:01]   OK: 00_sync_test.py completed successfully
[2026-02-18 23:20:01] Summary: 1 executed, 0 skipped, 1 total sources
[2026-02-18 23:20:01] Log saved to transform_log table.
[2026-02-18 23:40:02] Found pending data for 1 source(s): ['0_sync_test.sql']
[2026-02-18 23:40:02]   RUN: 00_sync_test.py (source: 0_sync_test.sql)
--- Output of 00_sync_test.py ---
transform_sync_test: inserted 6 rows from sources ['0_sync_test.sql']
--- End of 00_sync_test.py (exit=0) ---
[2026-02-18 23:40:02]   OK: 00_sync_test.py completed successfully
[2026-02-18 23:40:02] Summary: 1 executed, 0 skipped, 1 total sources
[2026-02-18 23:40:02] Log saved to transform_log table.
