[2026-02-19 00:00:01] No pending data in raw table. Nothing to do.
[2026-02-19 00:20:01] Found pending data for 1 source(s): ['0_sync_test.sql']
[2026-02-19 00:20:01]   RUN: 00_sync_test.py (source: 0_sync_test.sql)
--- Output of 00_sync_test.py ---
transform_sync_test: inserted 6 rows from sources ['0_sync_test.sql']
--- End of 00_sync_test.py (exit=0) ---
[2026-02-19 00:20:01]   OK: 00_sync_test.py completed successfully
[2026-02-19 00:20:01] Summary: 1 executed, 0 skipped, 1 total sources
[2026-02-19 00:20:01] Log saved to transform_log table.
[2026-02-19 00:40:01] Found pending data for 1 source(s): ['0_sync_test.sql']
[2026-02-19 00:40:01]   RUN: 00_sync_test.py (source: 0_sync_test.sql)
--- Output of 00_sync_test.py ---
transform_sync_test: inserted 6 rows from sources ['0_sync_test.sql']
--- End of 00_sync_test.py (exit=0) ---
[2026-02-19 00:40:01]   OK: 00_sync_test.py completed successfully
[2026-02-19 00:40:01] Summary: 1 executed, 0 skipped, 1 total sources
[2026-02-19 00:40:01] Log saved to transform_log table.
[2026-02-19 01:00:01] Found pending data for 1 source(s): ['0_sync_test.sql']
[2026-02-19 01:00:01]   RUN: 00_sync_test.py (source: 0_sync_test.sql)
--- Output of 00_sync_test.py ---
transform_sync_test: inserted 2 rows from sources ['0_sync_test.sql']
--- End of 00_sync_test.py (exit=0) ---
[2026-02-19 01:00:01]   OK: 00_sync_test.py completed successfully
[2026-02-19 01:00:01] Summary: 1 executed, 0 skipped, 1 total sources
[2026-02-19 01:00:01] Log saved to transform_log table.
[2026-02-19 01:20:02] Found pending data for 1 source(s): ['0_sync_test.sql']
[2026-02-19 01:20:02]   RUN: 00_sync_test.py (source: 0_sync_test.sql)
--- Output of 00_sync_test.py ---
transform_sync_test: inserted 4 rows from sources ['0_sync_test.sql']
--- End of 00_sync_test.py (exit=0) ---
[2026-02-19 01:20:02]   OK: 00_sync_test.py completed successfully
[2026-02-19 01:20:02] Summary: 1 executed, 0 skipped, 1 total sources
[2026-02-19 01:20:02] Log saved to transform_log table.
[2026-02-19 01:40:01] Found pending data for 1 source(s): ['0_sync_test.sql']
[2026-02-19 01:40:01]   RUN: 00_sync_test.py (source: 0_sync_test.sql)
--- Output of 00_sync_test.py ---
transform_sync_test: inserted 6 rows from sources ['0_sync_test.sql']
--- End of 00_sync_test.py (exit=0) ---
[2026-02-19 01:40:01]   OK: 00_sync_test.py completed successfully
[2026-02-19 01:40:01] Summary: 1 executed, 0 skipped, 1 total sources
[2026-02-19 01:40:01] Log saved to transform_log table.
[2026-02-19 02:00:02] Found pending data for 1 source(s): ['0_sync_test.sql']
[2026-02-19 02:00:02]   RUN: 00_sync_test.py (source: 0_sync_test.sql)
--- Output of 00_sync_test.py ---
transform_sync_test: inserted 5 rows from sources ['0_sync_test.sql']
--- End of 00_sync_test.py (exit=0) ---
[2026-02-19 02:00:02]   OK: 00_sync_test.py completed successfully
[2026-02-19 02:00:02] Summary: 1 executed, 0 skipped, 1 total sources
[2026-02-19 02:00:02] Log saved to transform_log table.
[2026-02-19 02:20:01] Found pending data for 1 source(s): ['0_sync_test.sql']
[2026-02-19 02:20:01]   RUN: 00_sync_test.py (source: 0_sync_test.sql)
--- Output of 00_sync_test.py ---
transform_sync_test: inserted 1 rows from sources ['0_sync_test.sql']
--- End of 00_sync_test.py (exit=0) ---
[2026-02-19 02:20:01]   OK: 00_sync_test.py completed successfully
[2026-02-19 02:20:01] Summary: 1 executed, 0 skipped, 1 total sources
[2026-02-19 02:20:01] Log saved to transform_log table.
[2026-02-19 02:40:02] Found pending data for 1 source(s): ['0_sync_test.sql']
[2026-02-19 02:40:02]   RUN: 00_sync_test.py (source: 0_sync_test.sql)
--- Output of 00_sync_test.py ---
transform_sync_test: inserted 6 rows from sources ['0_sync_test.sql']
--- End of 00_sync_test.py (exit=0) ---
[2026-02-19 02:40:02]   OK: 00_sync_test.py completed successfully
[2026-02-19 02:40:02] Summary: 1 executed, 0 skipped, 1 total sources
[2026-02-19 02:40:02] Log saved to transform_log table.
[2026-02-19 03:00:01] No pending data in raw table. Nothing to do.
[2026-02-19 03:20:01] Found pending data for 1 source(s): ['0_sync_test.sql']
[2026-02-19 03:20:01]   RUN: 00_sync_test.py (source: 0_sync_test.sql)
--- Output of 00_sync_test.py ---
transform_sync_test: inserted 5 rows from sources ['0_sync_test.sql']
--- End of 00_sync_test.py (exit=0) ---
[2026-02-19 03:20:02]   OK: 00_sync_test.py completed successfully
[2026-02-19 03:20:02] Summary: 1 executed, 0 skipped, 1 total sources
[2026-02-19 03:20:02] Log saved to transform_log table.
[2026-02-19 03:40:01] Found pending data for 1 source(s): ['0_sync_test.sql']
[2026-02-19 03:40:01]   RUN: 00_sync_test.py (source: 0_sync_test.sql)
--- Output of 00_sync_test.py ---
transform_sync_test: inserted 6 rows from sources ['0_sync_test.sql']
--- End of 00_sync_test.py (exit=0) ---
[2026-02-19 03:40:01]   OK: 00_sync_test.py completed successfully
[2026-02-19 03:40:01] Summary: 1 executed, 0 skipped, 1 total sources
[2026-02-19 03:40:01] Log saved to transform_log table.
[2026-02-19 04:00:01] Found pending data for 1 source(s): ['0_sync_test.sql']
[2026-02-19 04:00:01]   RUN: 00_sync_test.py (source: 0_sync_test.sql)
--- Output of 00_sync_test.py ---
transform_sync_test: inserted 4 rows from sources ['0_sync_test.sql']
--- End of 00_sync_test.py (exit=0) ---
[2026-02-19 04:00:02]   OK: 00_sync_test.py completed successfully
[2026-02-19 04:00:02] Summary: 1 executed, 0 skipped, 1 total sources
[2026-02-19 04:00:02] Log saved to transform_log table.
[2026-02-19 04:20:01] Found pending data for 1 source(s): ['0_sync_test.sql']
[2026-02-19 04:20:01]   RUN: 00_sync_test.py (source: 0_sync_test.sql)
--- Output of 00_sync_test.py ---
transform_sync_test: inserted 2 rows from sources ['0_sync_test.sql']
--- End of 00_sync_test.py (exit=0) ---
[2026-02-19 04:20:01]   OK: 00_sync_test.py completed successfully
[2026-02-19 04:20:01] Summary: 1 executed, 0 skipped, 1 total sources
[2026-02-19 04:20:01] Log saved to transform_log table.
[2026-02-19 04:40:01] Found pending data for 1 source(s): ['0_sync_test.sql']
[2026-02-19 04:40:01]   RUN: 00_sync_test.py (source: 0_sync_test.sql)
--- Output of 00_sync_test.py ---
transform_sync_test: inserted 6 rows from sources ['0_sync_test.sql']
--- End of 00_sync_test.py (exit=0) ---
[2026-02-19 04:40:02]   OK: 00_sync_test.py completed successfully
[2026-02-19 04:40:02] Summary: 1 executed, 0 skipped, 1 total sources
[2026-02-19 04:40:02] Log saved to transform_log table.
[2026-02-19 05:00:01] No pending data in raw table. Nothing to do.
[2026-02-19 05:20:01] Found pending data for 1 source(s): ['0_sync_test.sql']
[2026-02-19 05:20:01]   RUN: 00_sync_test.py (source: 0_sync_test.sql)
--- Output of 00_sync_test.py ---
transform_sync_test: inserted 6 rows from sources ['0_sync_test.sql']
--- End of 00_sync_test.py (exit=0) ---
[2026-02-19 05:20:01]   OK: 00_sync_test.py completed successfully
[2026-02-19 05:20:01] Summary: 1 executed, 0 skipped, 1 total sources
[2026-02-19 05:20:01] Log saved to transform_log table.
[2026-02-19 05:40:01] Found pending data for 1 source(s): ['0_sync_test.sql']
[2026-02-19 05:40:01]   RUN: 00_sync_test.py (source: 0_sync_test.sql)
--- Output of 00_sync_test.py ---
transform_sync_test: inserted 6 rows from sources ['0_sync_test.sql']
--- End of 00_sync_test.py (exit=0) ---
[2026-02-19 05:40:02]   OK: 00_sync_test.py completed successfully
[2026-02-19 05:40:02] Summary: 1 executed, 0 skipped, 1 total sources
[2026-02-19 05:40:02] Log saved to transform_log table.
[2026-02-19 06:00:01] Found pending data for 1 source(s): ['0_sync_test.sql']
[2026-02-19 06:00:01]   RUN: 00_sync_test.py (source: 0_sync_test.sql)
--- Output of 00_sync_test.py ---
transform_sync_test: inserted 1 rows from sources ['0_sync_test.sql']
--- End of 00_sync_test.py (exit=0) ---
[2026-02-19 06:00:01]   OK: 00_sync_test.py completed successfully
[2026-02-19 06:00:01] Summary: 1 executed, 0 skipped, 1 total sources
[2026-02-19 06:00:01] Log saved to transform_log table.
[2026-02-19 06:20:02] Found pending data for 2 source(s): ['1_sync_bed_an_occupancy.sql', '0_sync_test.sql']
[2026-02-19 06:20:02]   RUN: 00_sync_test.py (source: 0_sync_test.sql)
--- Output of 00_sync_test.py ---
transform_sync_test: inserted 5 rows from sources ['0_sync_test.sql']
--- End of 00_sync_test.py (exit=0) ---
[2026-02-19 06:20:02]   OK: 00_sync_test.py completed successfully
[2026-02-19 06:20:02]   RUN: 01_sync_bed_an_occupancy.py (source: 1_sync_bed_an_occupancy.sql)
--- Output of 01_sync_bed_an_occupancy.py ---
transform_sync_bed_an_occupancy: inserted 20625 rows from sources ['1_sync_bed_an_occupancy.sql']
--- End of 01_sync_bed_an_occupancy.py (exit=0) ---
[2026-02-19 06:20:06]   OK: 01_sync_bed_an_occupancy.py completed successfully
[2026-02-19 06:20:06] Summary: 2 executed, 0 skipped, 2 total sources
[2026-02-19 06:20:06] Log saved to transform_log table.
[2026-02-19 06:40:01] Found pending data for 3 source(s): ['0_sync_test.sql', '2_sync_bed_type_all.sql', '1_sync_bed_an_occupancy.sql']
[2026-02-19 06:40:01]   RUN: 00_sync_test.py (source: 0_sync_test.sql)
--- Output of 00_sync_test.py ---
transform_sync_test: inserted 6 rows from sources ['0_sync_test.sql']
--- End of 00_sync_test.py (exit=0) ---
[2026-02-19 06:40:02]   OK: 00_sync_test.py completed successfully
[2026-02-19 06:40:02]   RUN: 01_sync_bed_an_occupancy.py (source: 1_sync_bed_an_occupancy.sql)
--- Output of 01_sync_bed_an_occupancy.py ---
transform_sync_bed_an_occupancy: inserted 8382 rows from sources ['1_sync_bed_an_occupancy.sql']
--- End of 01_sync_bed_an_occupancy.py (exit=0) ---
[2026-02-19 06:40:03]   OK: 01_sync_bed_an_occupancy.py completed successfully
[2026-02-19 06:40:03]   RUN: 02_sync_bed_type_all.py (source: 2_sync_bed_type_all.sql)
--- Output of 02_sync_bed_type_all.py ---
transform_sync_bed_type_all: inserted 1112 rows from sources ['2_sync_bed_type_all.sql']
--- End of 02_sync_bed_type_all.py (exit=0) ---
[2026-02-19 06:40:04]   OK: 02_sync_bed_type_all.py completed successfully
[2026-02-19 06:40:04] Summary: 3 executed, 0 skipped, 3 total sources
[2026-02-19 06:40:04] Log saved to transform_log table.
[2026-02-19 07:00:01] Found pending data for 1 source(s): ['1_sync_bed_an_occupancy.sql']
[2026-02-19 07:00:01]   RUN: 01_sync_bed_an_occupancy.py (source: 1_sync_bed_an_occupancy.sql)
--- Output of 01_sync_bed_an_occupancy.py ---
transform_sync_bed_an_occupancy: inserted 5188 rows from sources ['1_sync_bed_an_occupancy.sql']
--- End of 01_sync_bed_an_occupancy.py (exit=0) ---
[2026-02-19 07:00:02]   OK: 01_sync_bed_an_occupancy.py completed successfully
[2026-02-19 07:00:02] Summary: 1 executed, 0 skipped, 1 total sources
[2026-02-19 07:00:02] Log saved to transform_log table.
[2026-02-19 07:20:01] Found pending data for 5 source(s): ['0_sync_test.sql', '4_sync_drgs_rw_top10.sql', '3_sync_critical_wait_bed.sql', '1_sync_bed_an_occupancy.sql', '5_sync_drgs_sum.sql']
[2026-02-19 07:20:01]   RUN: 00_sync_test.py (source: 0_sync_test.sql)
--- Output of 00_sync_test.py ---
transform_sync_test: inserted 6 rows from sources ['0_sync_test.sql']
--- End of 00_sync_test.py (exit=0) ---
[2026-02-19 07:20:01]   OK: 00_sync_test.py completed successfully
[2026-02-19 07:20:01]   RUN: 01_sync_bed_an_occupancy.py (source: 1_sync_bed_an_occupancy.sql)
--- Output of 01_sync_bed_an_occupancy.py ---
transform_sync_bed_an_occupancy: inserted 1142 rows from sources ['1_sync_bed_an_occupancy.sql']
--- End of 01_sync_bed_an_occupancy.py (exit=0) ---
[2026-02-19 07:20:02]   OK: 01_sync_bed_an_occupancy.py completed successfully
[2026-02-19 07:20:02]   RUN: 03_sync_critical_wait_bed.py (source: 3_sync_critical_wait_bed.sql)
--- Output of 03_sync_critical_wait_bed.py ---
transform_sync_critical_wait_bed: inserted 34 rows from sources ['3_sync_critical_wait_bed.sql']
--- End of 03_sync_critical_wait_bed.py (exit=0) ---
[2026-02-19 07:20:02]   OK: 03_sync_critical_wait_bed.py completed successfully
[2026-02-19 07:20:02]   RUN: 04_sync_drgs_rw_top10.py (source: 4_sync_drgs_rw_top10.sql)
--- Output of 04_sync_drgs_rw_top10.py ---
transform_sync_drgs_rw_top10: inserted 10 rows from sources ['4_sync_drgs_rw_top10.sql']
--- End of 04_sync_drgs_rw_top10.py (exit=0) ---
[2026-02-19 07:20:02]   OK: 04_sync_drgs_rw_top10.py completed successfully
[2026-02-19 07:20:02]   RUN: 05_sync_drgs_sum.py (source: 5_sync_drgs_sum.sql)
--- Output of 05_sync_drgs_sum.py ---
transform_sync_drgs_sum: inserted 17 rows from sources ['5_sync_drgs_sum.sql']
--- End of 05_sync_drgs_sum.py (exit=0) ---
[2026-02-19 07:20:02]   OK: 05_sync_drgs_sum.py completed successfully
[2026-02-19 07:20:02] Summary: 5 executed, 0 skipped, 5 total sources
[2026-02-19 07:20:02] Log saved to transform_log table.
[2026-02-19 07:40:02] Found pending data for 2 source(s): ['4_sync_drgs_rw_top10.sql', '0_sync_test.sql']
[2026-02-19 07:40:02]   RUN: 00_sync_test.py (source: 0_sync_test.sql)
--- Output of 00_sync_test.py ---
transform_sync_test: inserted 6 rows from sources ['0_sync_test.sql']
--- End of 00_sync_test.py (exit=0) ---
[2026-02-19 07:40:02]   OK: 00_sync_test.py completed successfully
[2026-02-19 07:40:02]   RUN: 04_sync_drgs_rw_top10.py (source: 4_sync_drgs_rw_top10.sql)
--- Output of 04_sync_drgs_rw_top10.py ---
transform_sync_drgs_rw_top10: inserted 60 rows from sources ['4_sync_drgs_rw_top10.sql']
--- End of 04_sync_drgs_rw_top10.py (exit=0) ---
[2026-02-19 07:40:02]   OK: 04_sync_drgs_rw_top10.py completed successfully
[2026-02-19 07:40:02] Summary: 2 executed, 0 skipped, 2 total sources
[2026-02-19 07:40:02] Log saved to transform_log table.
[2026-02-19 08:00:01] Found pending data for 2 source(s): ['5_sync_drgs_sum.sql', '0_sync_test.sql']
[2026-02-19 08:00:01]   RUN: 00_sync_test.py (source: 0_sync_test.sql)
--- Output of 00_sync_test.py ---
transform_sync_test: inserted 5 rows from sources ['0_sync_test.sql']
--- End of 00_sync_test.py (exit=0) ---
[2026-02-19 08:00:01]   OK: 00_sync_test.py completed successfully
[2026-02-19 08:00:01]   RUN: 05_sync_drgs_sum.py (source: 5_sync_drgs_sum.sql)
--- Output of 05_sync_drgs_sum.py ---
transform_sync_drgs_sum: inserted 7 rows from sources ['5_sync_drgs_sum.sql']
--- End of 05_sync_drgs_sum.py (exit=0) ---
[2026-02-19 08:00:02]   OK: 05_sync_drgs_sum.py completed successfully
[2026-02-19 08:00:02] Summary: 2 executed, 0 skipped, 2 total sources
[2026-02-19 08:00:02] Log saved to transform_log table.
[2026-02-19 08:20:01] Found pending data for 2 source(s): ['0_sync_test.sql', '5_sync_drgs_sum.sql']
[2026-02-19 08:20:01]   RUN: 00_sync_test.py (source: 0_sync_test.sql)
--- Output of 00_sync_test.py ---
transform_sync_test: inserted 1 rows from sources ['0_sync_test.sql']
--- End of 00_sync_test.py (exit=0) ---
[2026-02-19 08:20:01]   OK: 00_sync_test.py completed successfully
[2026-02-19 08:20:01]   RUN: 05_sync_drgs_sum.py (source: 5_sync_drgs_sum.sql)
--- Output of 05_sync_drgs_sum.py ---
transform_sync_drgs_sum: inserted 95 rows from sources ['5_sync_drgs_sum.sql']
--- End of 05_sync_drgs_sum.py (exit=0) ---
[2026-02-19 08:20:01]   OK: 05_sync_drgs_sum.py completed successfully
[2026-02-19 08:20:01] Summary: 2 executed, 0 skipped, 2 total sources
[2026-02-19 08:20:01] Log saved to transform_log table.
[2026-02-19 08:40:01] Found pending data for 2 source(s): ['6_sync_icu_semi_icu_case_realtime.sql', '0_sync_test.sql']
[2026-02-19 08:40:01]   RUN: 00_sync_test.py (source: 0_sync_test.sql)
--- Output of 00_sync_test.py ---
transform_sync_test: inserted 6 rows from sources ['0_sync_test.sql']
--- End of 00_sync_test.py (exit=0) ---
[2026-02-19 08:40:02]   OK: 00_sync_test.py completed successfully
[2026-02-19 08:40:02]   RUN: 06_sync_icu_semi_icu_case_realtime.py (source: 6_sync_icu_semi_icu_case_realtime.sql)
--- Output of 06_sync_icu_semi_icu_case_realtime.py ---
transform_sync_icu_semi_icu_case_realtime: inserted 6 rows from sources ['6_sync_icu_semi_icu_case_realtime.sql']
--- End of 06_sync_icu_semi_icu_case_realtime.py (exit=0) ---
[2026-02-19 08:40:02]   OK: 06_sync_icu_semi_icu_case_realtime.py completed successfully
[2026-02-19 08:40:02] Summary: 2 executed, 0 skipped, 2 total sources
[2026-02-19 08:40:02] Log saved to transform_log table.
[2026-02-19 09:00:01] Found pending data for 1 source(s): ['0_sync_test.sql']
[2026-02-19 09:00:01]   RUN: 00_sync_test.py (source: 0_sync_test.sql)
--- Output of 00_sync_test.py ---
transform_sync_test: inserted 3 rows from sources ['0_sync_test.sql']
--- End of 00_sync_test.py (exit=0) ---
[2026-02-19 09:00:01]   OK: 00_sync_test.py completed successfully
[2026-02-19 09:00:01] Summary: 1 executed, 0 skipped, 1 total sources
[2026-02-19 09:00:01] Log saved to transform_log table.
[2026-02-19 09:20:02] Found pending data for 2 source(s): ['0_sync_test.sql', '7_sync_icu_ward_death.sql']
[2026-02-19 09:20:02]   RUN: 00_sync_test.py (source: 0_sync_test.sql)
--- Output of 00_sync_test.py ---
transform_sync_test: inserted 3 rows from sources ['0_sync_test.sql']
--- End of 00_sync_test.py (exit=0) ---
[2026-02-19 09:20:02]   OK: 00_sync_test.py completed successfully
[2026-02-19 09:20:02]   SKIP: No script mapping for source '7_sync_icu_ward_death.sql'
[2026-02-19 09:20:02] Summary: 1 executed, 1 skipped, 2 total sources
[2026-02-19 09:20:02] Log saved to transform_log table.
[2026-02-19 09:40:01] Found pending data for 3 source(s): ['0_sync_test.sql', '7_sync_icu_ward_death.sql', '8_sync_mortality_ami.sql']
[2026-02-19 09:40:01]   RUN: 00_sync_test.py (source: 0_sync_test.sql)
--- Output of 00_sync_test.py ---
transform_sync_test: inserted 6 rows from sources ['0_sync_test.sql']
--- End of 00_sync_test.py (exit=0) ---
[2026-02-19 09:40:02]   OK: 00_sync_test.py completed successfully
[2026-02-19 09:40:02]   SKIP: No script mapping for source '7_sync_icu_ward_death.sql'
[2026-02-19 09:40:02]   RUN: 08_sync_mortality_ami.py (source: 8_sync_mortality_ami.sql)
--- Output of 08_sync_mortality_ami.py ---
transform_sync_mortality_ami: inserted 113 rows from sources ['8_sync_mortality_ami.sql']
--- End of 08_sync_mortality_ami.py (exit=0) ---
[2026-02-19 09:40:02]   OK: 08_sync_mortality_ami.py completed successfully
[2026-02-19 09:40:02] Summary: 2 executed, 1 skipped, 3 total sources
[2026-02-19 09:40:02] Log saved to transform_log table.
[2026-02-19 10:00:01] Found pending data for 2 source(s): ['0_sync_test.sql', '7_sync_icu_ward_death.sql']
[2026-02-19 10:00:01]   RUN: 00_sync_test.py (source: 0_sync_test.sql)
--- Output of 00_sync_test.py ---
transform_sync_test: inserted 1 rows from sources ['0_sync_test.sql']
--- End of 00_sync_test.py (exit=0) ---
[2026-02-19 10:00:01]   OK: 00_sync_test.py completed successfully
[2026-02-19 10:00:01]   SKIP: No script mapping for source '7_sync_icu_ward_death.sql'
[2026-02-19 10:00:01] Summary: 1 executed, 1 skipped, 2 total sources
[2026-02-19 10:00:01] Log saved to transform_log table.
[2026-02-19 10:20:02] Found pending data for 4 source(s): ['7_sync_icu_ward_death.sql', '0_sync_test.sql', '2_sync_bed_type_all.sql', '9_sync_mortality_sepsis.sql']
[2026-02-19 10:20:02]   RUN: 00_sync_test.py (source: 0_sync_test.sql)
--- Output of 00_sync_test.py ---
transform_sync_test: inserted 6 rows from sources ['0_sync_test.sql']
--- End of 00_sync_test.py (exit=0) ---
[2026-02-19 10:20:02]   OK: 00_sync_test.py completed successfully
[2026-02-19 10:20:02]   RUN: 02_sync_bed_type_all.py (source: 2_sync_bed_type_all.sql)
--- Output of 02_sync_bed_type_all.py ---
transform_sync_bed_type_all: inserted 74 rows from sources ['2_sync_bed_type_all.sql']
--- End of 02_sync_bed_type_all.py (exit=0) ---
[2026-02-19 10:20:02]   OK: 02_sync_bed_type_all.py completed successfully
[2026-02-19 10:20:02]   SKIP: No script mapping for source '7_sync_icu_ward_death.sql'
[2026-02-19 10:20:02]   RUN: 09_sync_mortality_sepsis.py (source: 9_sync_mortality_sepsis.sql)
--- Output of 09_sync_mortality_sepsis.py ---
transform_sync_mortality_sepsis: inserted 115 rows from sources ['9_sync_mortality_sepsis.sql']
--- End of 09_sync_mortality_sepsis.py (exit=0) ---
[2026-02-19 10:20:02]   OK: 09_sync_mortality_sepsis.py completed successfully
[2026-02-19 10:20:02] Summary: 3 executed, 1 skipped, 4 total sources
[2026-02-19 10:20:02] Log saved to transform_log table.
[2026-02-19 10:40:01] Found pending data for 7 source(s): ['4_sync_drgs_rw_top10.sql', '2_sync_bed_type_all.sql', '7_sync_icu_ward_death.sql', '0_sync_test.sql', '10_sync_normal_ward_death.sql', '1_sync_bed_an_occupancy.sql', '5_sync_drgs_sum.sql']
[2026-02-19 10:40:01]   RUN: 00_sync_test.py (source: 0_sync_test.sql)
--- Output of 00_sync_test.py ---
transform_sync_test: inserted 7 rows from sources ['0_sync_test.sql']
--- End of 00_sync_test.py (exit=0) ---
[2026-02-19 10:40:02]   OK: 00_sync_test.py completed successfully
[2026-02-19 10:40:02]   RUN: 10_sync_normal_ward_death.py (source: 10_sync_normal_ward_death.sql)
--- Output of 10_sync_normal_ward_death.py ---
transform_sync_normal_ward_death: inserted 20 rows from sources ['10_sync_normal_ward_death.sql']
--- End of 10_sync_normal_ward_death.py (exit=0) ---
[2026-02-19 10:40:02]   OK: 10_sync_normal_ward_death.py completed successfully
[2026-02-19 10:40:02]   RUN: 01_sync_bed_an_occupancy.py (source: 1_sync_bed_an_occupancy.sql)
--- Output of 01_sync_bed_an_occupancy.py ---
transform_sync_bed_an_occupancy: inserted 3268 rows from sources ['1_sync_bed_an_occupancy.sql']
--- End of 01_sync_bed_an_occupancy.py (exit=0) ---
[2026-02-19 10:40:03]   OK: 01_sync_bed_an_occupancy.py completed successfully
[2026-02-19 10:40:03]   RUN: 02_sync_bed_type_all.py (source: 2_sync_bed_type_all.sql)
--- Output of 02_sync_bed_type_all.py ---
transform_sync_bed_type_all: inserted 110 rows from sources ['2_sync_bed_type_all.sql']
--- End of 02_sync_bed_type_all.py (exit=0) ---
[2026-02-19 10:40:03]   OK: 02_sync_bed_type_all.py completed successfully
[2026-02-19 10:40:03]   RUN: 04_sync_drgs_rw_top10.py (source: 4_sync_drgs_rw_top10.sql)
--- Output of 04_sync_drgs_rw_top10.py ---
transform_sync_drgs_rw_top10: inserted 10 rows from sources ['4_sync_drgs_rw_top10.sql']
--- End of 04_sync_drgs_rw_top10.py (exit=0) ---
[2026-02-19 10:40:03]   OK: 04_sync_drgs_rw_top10.py completed successfully
[2026-02-19 10:40:03]   RUN: 05_sync_drgs_sum.py (source: 5_sync_drgs_sum.sql)
--- Output of 05_sync_drgs_sum.py ---
transform_sync_drgs_sum: inserted 17 rows from sources ['5_sync_drgs_sum.sql']
--- End of 05_sync_drgs_sum.py (exit=0) ---
[2026-02-19 10:40:03]   OK: 05_sync_drgs_sum.py completed successfully
[2026-02-19 10:40:03]   SKIP: No script mapping for source '7_sync_icu_ward_death.sql'
[2026-02-19 10:40:03] Summary: 6 executed, 1 skipped, 7 total sources
[2026-02-19 10:40:03] Log saved to transform_log table.
[2026-02-19 11:00:02] Found pending data for 4 source(s): ['11_sync_or_utilization_rate.sql', '0_sync_test.sql', '7_sync_icu_ward_death.sql', '1_sync_bed_an_occupancy.sql']
[2026-02-19 11:00:02]   RUN: 00_sync_test.py (source: 0_sync_test.sql)
--- Output of 00_sync_test.py ---
transform_sync_test: inserted 5 rows from sources ['0_sync_test.sql']
--- End of 00_sync_test.py (exit=0) ---
[2026-02-19 11:00:02]   OK: 00_sync_test.py completed successfully
[2026-02-19 11:00:02]   RUN: 11_sync_or_utilization_rate.py (source: 11_sync_or_utilization_rate.sql)
--- Output of 11_sync_or_utilization_rate.py ---
transform_sync_or_utilization_rate: inserted 9 rows from sources ['11_sync_or_utilization_rate.sql']
--- End of 11_sync_or_utilization_rate.py (exit=0) ---
[2026-02-19 11:00:02]   OK: 11_sync_or_utilization_rate.py completed successfully
[2026-02-19 11:00:02]   RUN: 01_sync_bed_an_occupancy.py (source: 1_sync_bed_an_occupancy.sql)
--- Output of 01_sync_bed_an_occupancy.py ---
transform_sync_bed_an_occupancy: inserted 3298 rows from sources ['1_sync_bed_an_occupancy.sql']
--- End of 01_sync_bed_an_occupancy.py (exit=0) ---
[2026-02-19 11:00:03]   OK: 01_sync_bed_an_occupancy.py completed successfully
[2026-02-19 11:00:03]   SKIP: No script mapping for source '7_sync_icu_ward_death.sql'
[2026-02-19 11:00:03] Summary: 3 executed, 1 skipped, 4 total sources
[2026-02-19 11:00:03] Log saved to transform_log table.
[2026-02-19 11:20:01] Found pending data for 3 source(s): ['0_sync_test.sql', '11_sync_or_utilization_rate.sql', '7_sync_icu_ward_death.sql']
[2026-02-19 11:20:01]   RUN: 00_sync_test.py (source: 0_sync_test.sql)
--- Output of 00_sync_test.py ---
transform_sync_test: inserted 2 rows from sources ['0_sync_test.sql']
--- End of 00_sync_test.py (exit=0) ---
[2026-02-19 11:20:01]   OK: 00_sync_test.py completed successfully
[2026-02-19 11:20:01]   RUN: 11_sync_or_utilization_rate.py (source: 11_sync_or_utilization_rate.sql)
--- Output of 11_sync_or_utilization_rate.py ---
transform_sync_or_utilization_rate: inserted 21 rows from sources ['11_sync_or_utilization_rate.sql']
--- End of 11_sync_or_utilization_rate.py (exit=0) ---
[2026-02-19 11:20:02]   OK: 11_sync_or_utilization_rate.py completed successfully
[2026-02-19 11:20:02]   SKIP: No script mapping for source '7_sync_icu_ward_death.sql'
[2026-02-19 11:20:02] Summary: 2 executed, 1 skipped, 3 total sources
[2026-02-19 11:20:02] Log saved to transform_log table.
[2026-02-19 11:40:01] Found pending data for 3 source(s): ['7_sync_icu_ward_death.sql', '0_sync_test.sql', '12_sync_refer_paperless.sql']
[2026-02-19 11:40:01]   RUN: 00_sync_test.py (source: 0_sync_test.sql)
--- Output of 00_sync_test.py ---
transform_sync_test: inserted 7 rows from sources ['0_sync_test.sql']
--- End of 00_sync_test.py (exit=0) ---
[2026-02-19 11:40:01]   OK: 00_sync_test.py completed successfully
[2026-02-19 11:40:01]   RUN: 12_sync_refer_paperless.py (source: 12_sync_refer_paperless.sql)
--- Output of 12_sync_refer_paperless.py ---
transform_sync_refer_paperless: inserted 119 rows from sources ['12_sync_refer_paperless.sql']
--- End of 12_sync_refer_paperless.py (exit=0) ---
[2026-02-19 11:40:01]   OK: 12_sync_refer_paperless.py completed successfully
[2026-02-19 11:40:01]   SKIP: No script mapping for source '7_sync_icu_ward_death.sql'
[2026-02-19 11:40:01] Summary: 2 executed, 1 skipped, 3 total sources
[2026-02-19 11:40:01] Log saved to transform_log table.
[2026-02-19 12:00:02] Found pending data for 3 source(s): ['0_sync_test.sql', '13_sync_refer_top10.sql', '7_sync_icu_ward_death.sql']
[2026-02-19 12:00:02]   RUN: 00_sync_test.py (source: 0_sync_test.sql)
--- Output of 00_sync_test.py ---
transform_sync_test: inserted 5 rows from sources ['0_sync_test.sql']
--- End of 00_sync_test.py (exit=0) ---
[2026-02-19 12:00:02]   OK: 00_sync_test.py completed successfully
[2026-02-19 12:00:02]   RUN: 13_sync_refer_top10.py (source: 13_sync_refer_top10.sql)
--- Output of 13_sync_refer_top10.py ---
transform_sync_refer_top10: inserted 7 rows from sources ['13_sync_refer_top10.sql']
--- End of 13_sync_refer_top10.py (exit=0) ---
[2026-02-19 12:00:02]   OK: 13_sync_refer_top10.py completed successfully
[2026-02-19 12:00:02]   SKIP: No script mapping for source '7_sync_icu_ward_death.sql'
[2026-02-19 12:00:02] Summary: 2 executed, 1 skipped, 3 total sources
[2026-02-19 12:00:02] Log saved to transform_log table.
[2026-02-19 12:20:01] Found pending data for 3 source(s): ['13_sync_refer_top10.sql', '7_sync_icu_ward_death.sql', '0_sync_test.sql']
[2026-02-19 12:20:01]   RUN: 00_sync_test.py (source: 0_sync_test.sql)
--- Output of 00_sync_test.py ---
transform_sync_test: inserted 2 rows from sources ['0_sync_test.sql']
--- End of 00_sync_test.py (exit=0) ---
[2026-02-19 12:20:01]   OK: 00_sync_test.py completed successfully
[2026-02-19 12:20:01]   RUN: 13_sync_refer_top10.py (source: 13_sync_refer_top10.sql)
--- Output of 13_sync_refer_top10.py ---
transform_sync_refer_top10: inserted 63 rows from sources ['13_sync_refer_top10.sql']
--- End of 13_sync_refer_top10.py (exit=0) ---
[2026-02-19 12:20:02]   OK: 13_sync_refer_top10.py completed successfully
[2026-02-19 12:20:02]   SKIP: No script mapping for source '7_sync_icu_ward_death.sql'
[2026-02-19 12:20:02] Summary: 2 executed, 1 skipped, 3 total sources
[2026-02-19 12:20:02] Log saved to transform_log table.
[2026-02-19 12:40:01] Found pending data for 3 source(s): ['14_sync_waiting_time_cataract.sql', '7_sync_icu_ward_death.sql', '0_sync_test.sql']
[2026-02-19 12:40:01]   RUN: 00_sync_test.py (source: 0_sync_test.sql)
--- Output of 00_sync_test.py ---
transform_sync_test: inserted 7 rows from sources ['0_sync_test.sql']
--- End of 00_sync_test.py (exit=0) ---
[2026-02-19 12:40:01]   OK: 00_sync_test.py completed successfully
[2026-02-19 12:40:01]   RUN: 14_sync_waiting_time_cataract.py (source: 14_sync_waiting_time_cataract.sql)
--- Output of 14_sync_waiting_time_cataract.py ---
transform_sync_waiting_time_cataract: inserted 122 rows from sources ['14_sync_waiting_time_cataract.sql']
--- End of 14_sync_waiting_time_cataract.py (exit=0) ---
[2026-02-19 12:40:01]   OK: 14_sync_waiting_time_cataract.py completed successfully
[2026-02-19 12:40:01]   SKIP: No script mapping for source '7_sync_icu_ward_death.sql'
[2026-02-19 12:40:01] Summary: 2 executed, 1 skipped, 3 total sources
[2026-02-19 12:40:01] Log saved to transform_log table.
[2026-02-19 13:00:02] Found pending data for 3 source(s): ['0_sync_test.sql', '15_sync_waiting_time_hernia.sql', '7_sync_icu_ward_death.sql']
[2026-02-19 13:00:02]   RUN: 00_sync_test.py (source: 0_sync_test.sql)
--- Output of 00_sync_test.py ---
transform_sync_test: inserted 6 rows from sources ['0_sync_test.sql']
--- End of 00_sync_test.py (exit=0) ---
[2026-02-19 13:00:02]   OK: 00_sync_test.py completed successfully
[2026-02-19 13:00:02]   RUN: 15_sync_waiting_time_hernia.py (source: 15_sync_waiting_time_hernia.sql)
--- Output of 15_sync_waiting_time_hernia.py ---
transform_sync_waiting_time_hernia: inserted 16 rows from sources ['15_sync_waiting_time_hernia.sql']
--- End of 15_sync_waiting_time_hernia.py (exit=0) ---
[2026-02-19 13:00:02]   OK: 15_sync_waiting_time_hernia.py completed successfully
[2026-02-19 13:00:02]   SKIP: No script mapping for source '7_sync_icu_ward_death.sql'
[2026-02-19 13:00:02] Summary: 2 executed, 1 skipped, 3 total sources
[2026-02-19 13:00:02] Log saved to transform_log table.
[2026-02-19 13:20:01] Found pending data for 3 source(s): ['0_sync_test.sql', '7_sync_icu_ward_death.sql', '15_sync_waiting_time_hernia.sql']
[2026-02-19 13:20:01]   RUN: 00_sync_test.py (source: 0_sync_test.sql)
--- Output of 00_sync_test.py ---
transform_sync_test: inserted 1 rows from sources ['0_sync_test.sql']
--- End of 00_sync_test.py (exit=0) ---
[2026-02-19 13:20:01]   OK: 00_sync_test.py completed successfully
[2026-02-19 13:20:01]   RUN: 15_sync_waiting_time_hernia.py (source: 15_sync_waiting_time_hernia.sql)
--- Output of 15_sync_waiting_time_hernia.py ---
transform_sync_waiting_time_hernia: inserted 98 rows from sources ['15_sync_waiting_time_hernia.sql']
--- End of 15_sync_waiting_time_hernia.py (exit=0) ---
[2026-02-19 13:20:02]   OK: 15_sync_waiting_time_hernia.py completed successfully
[2026-02-19 13:20:02]   SKIP: No script mapping for source '7_sync_icu_ward_death.sql'
[2026-02-19 13:20:02] Summary: 2 executed, 1 skipped, 3 total sources
[2026-02-19 13:20:02] Log saved to transform_log table.
[2026-02-19 13:40:01] Found pending data for 2 source(s): ['0_sync_test.sql', '7_sync_icu_ward_death.sql']
[2026-02-19 13:40:01]   RUN: 00_sync_test.py (source: 0_sync_test.sql)
--- Output of 00_sync_test.py ---
transform_sync_test: inserted 7 rows from sources ['0_sync_test.sql']
--- End of 00_sync_test.py (exit=0) ---
[2026-02-19 13:40:01]   OK: 00_sync_test.py completed successfully
[2026-02-19 13:40:01]   SKIP: No script mapping for source '7_sync_icu_ward_death.sql'
[2026-02-19 13:40:01] Summary: 1 executed, 1 skipped, 2 total sources
[2026-02-19 13:40:01] Log saved to transform_log table.
[2026-02-19 14:00:01] Found pending data for 2 source(s): ['0_sync_test.sql', '7_sync_icu_ward_death.sql']
[2026-02-19 14:00:01]   RUN: 00_sync_test.py (source: 0_sync_test.sql)
--- Output of 00_sync_test.py ---
transform_sync_test: inserted 4 rows from sources ['0_sync_test.sql']
--- End of 00_sync_test.py (exit=0) ---
[2026-02-19 14:00:02]   OK: 00_sync_test.py completed successfully
[2026-02-19 14:00:02]   SKIP: No script mapping for source '7_sync_icu_ward_death.sql'
[2026-02-19 14:00:02] Summary: 1 executed, 1 skipped, 2 total sources
[2026-02-19 14:00:02] Log saved to transform_log table.
[2026-02-19 14:20:01] Found pending data for 2 source(s): ['0_sync_test.sql', '7_sync_icu_ward_death.sql']
[2026-02-19 14:20:01]   RUN: 00_sync_test.py (source: 0_sync_test.sql)
--- Output of 00_sync_test.py ---
transform_sync_test: inserted 3 rows from sources ['0_sync_test.sql']
--- End of 00_sync_test.py (exit=0) ---
[2026-02-19 14:20:01]   OK: 00_sync_test.py completed successfully
[2026-02-19 14:20:01]   SKIP: No script mapping for source '7_sync_icu_ward_death.sql'
[2026-02-19 14:20:01] Summary: 1 executed, 1 skipped, 2 total sources
[2026-02-19 14:20:01] Log saved to transform_log table.
[2026-02-19 14:40:01] Found pending data for 2 source(s): ['0_sync_test.sql', '7_sync_icu_ward_death.sql']
[2026-02-19 14:40:01]   RUN: 00_sync_test.py (source: 0_sync_test.sql)
--- Output of 00_sync_test.py ---
transform_sync_test: inserted 7 rows from sources ['0_sync_test.sql']
--- End of 00_sync_test.py (exit=0) ---
[2026-02-19 14:40:02]   OK: 00_sync_test.py completed successfully
[2026-02-19 14:40:02]   SKIP: No script mapping for source '7_sync_icu_ward_death.sql'
[2026-02-19 14:40:02] Summary: 1 executed, 1 skipped, 2 total sources
[2026-02-19 14:40:02] Log saved to transform_log table.
[2026-02-19 15:00:01] Found pending data for 1 source(s): ['7_sync_icu_ward_death.sql']
[2026-02-19 15:00:01]   SKIP: No script mapping for source '7_sync_icu_ward_death.sql'
[2026-02-19 15:00:01] Summary: 0 executed, 1 skipped, 1 total sources
[2026-02-19 15:20:01] Found pending data for 2 source(s): ['0_sync_test.sql', '7_sync_icu_ward_death.sql']
[2026-02-19 15:20:01]   RUN: 00_sync_test.py (source: 0_sync_test.sql)
--- Output of 00_sync_test.py ---
transform_sync_test: inserted 7 rows from sources ['0_sync_test.sql']
--- End of 00_sync_test.py (exit=0) ---
[2026-02-19 15:20:01]   OK: 00_sync_test.py completed successfully
[2026-02-19 15:20:01]   SKIP: No script mapping for source '7_sync_icu_ward_death.sql'
[2026-02-19 15:20:01] Summary: 1 executed, 1 skipped, 2 total sources
[2026-02-19 15:20:01] Log saved to transform_log table.
[2026-02-19 15:40:01] Found pending data for 2 source(s): ['0_sync_test.sql', '7_sync_icu_ward_death.sql']
[2026-02-19 15:40:01]   RUN: 00_sync_test.py (source: 0_sync_test.sql)
--- Output of 00_sync_test.py ---
transform_sync_test: inserted 7 rows from sources ['0_sync_test.sql']
--- End of 00_sync_test.py (exit=0) ---
[2026-02-19 15:40:02]   OK: 00_sync_test.py completed successfully
[2026-02-19 15:40:02]   SKIP: No script mapping for source '7_sync_icu_ward_death.sql'
[2026-02-19 15:40:02] Summary: 1 executed, 1 skipped, 2 total sources
[2026-02-19 15:40:02] Log saved to transform_log table.
[2026-02-19 16:00:01] Found pending data for 2 source(s): ['0_sync_test.sql', '7_sync_icu_ward_death.sql']
[2026-02-19 16:00:01]   RUN: 00_sync_test.py (source: 0_sync_test.sql)
--- Output of 00_sync_test.py ---
transform_sync_test: inserted 3 rows from sources ['0_sync_test.sql']
--- End of 00_sync_test.py (exit=0) ---
[2026-02-19 16:00:01]   OK: 00_sync_test.py completed successfully
[2026-02-19 16:00:01]   SKIP: No script mapping for source '7_sync_icu_ward_death.sql'
[2026-02-19 16:00:01] Summary: 1 executed, 1 skipped, 2 total sources
[2026-02-19 16:00:01] Log saved to transform_log table.
[2026-02-19 16:20:01] Found pending data for 2 source(s): ['0_sync_test.sql', '7_sync_icu_ward_death.sql']
[2026-02-19 16:20:01]   RUN: 00_sync_test.py (source: 0_sync_test.sql)
--- Output of 00_sync_test.py ---
transform_sync_test: inserted 4 rows from sources ['0_sync_test.sql']
--- End of 00_sync_test.py (exit=0) ---
[2026-02-19 16:20:02]   OK: 00_sync_test.py completed successfully
[2026-02-19 16:20:02]   SKIP: No script mapping for source '7_sync_icu_ward_death.sql'
[2026-02-19 16:20:02] Summary: 1 executed, 1 skipped, 2 total sources
[2026-02-19 16:20:02] Log saved to transform_log table.
[2026-02-19 16:40:01] Found pending data for 2 source(s): ['7_sync_icu_ward_death.sql', '0_sync_test.sql']
[2026-02-19 16:40:01]   RUN: 00_sync_test.py (source: 0_sync_test.sql)
--- Output of 00_sync_test.py ---
transform_sync_test: inserted 7 rows from sources ['0_sync_test.sql']
--- End of 00_sync_test.py (exit=0) ---
[2026-02-19 16:40:01]   OK: 00_sync_test.py completed successfully
[2026-02-19 16:40:01]   SKIP: No script mapping for source '7_sync_icu_ward_death.sql'
[2026-02-19 16:40:01] Summary: 1 executed, 1 skipped, 2 total sources
[2026-02-19 16:40:01] Log saved to transform_log table.
[2026-02-19 17:00:01] Found pending data for 2 source(s): ['7_sync_icu_ward_death.sql', '0_sync_test.sql']
[2026-02-19 17:00:01]   RUN: 00_sync_test.py (source: 0_sync_test.sql)
--- Output of 00_sync_test.py ---
transform_sync_test: inserted 5 rows from sources ['0_sync_test.sql']
--- End of 00_sync_test.py (exit=0) ---
[2026-02-19 17:00:01]   OK: 00_sync_test.py completed successfully
[2026-02-19 17:00:01]   SKIP: No script mapping for source '7_sync_icu_ward_death.sql'
[2026-02-19 17:00:01] Summary: 1 executed, 1 skipped, 2 total sources
[2026-02-19 17:00:01] Log saved to transform_log table.
[2026-02-19 17:20:01] Found pending data for 2 source(s): ['0_sync_test.sql', '7_sync_icu_ward_death.sql']
[2026-02-19 17:20:01]   RUN: 00_sync_test.py (source: 0_sync_test.sql)
--- Output of 00_sync_test.py ---
transform_sync_test: inserted 2 rows from sources ['0_sync_test.sql']
--- End of 00_sync_test.py (exit=0) ---
[2026-02-19 17:20:01]   OK: 00_sync_test.py completed successfully
[2026-02-19 17:20:01]   SKIP: No script mapping for source '7_sync_icu_ward_death.sql'
[2026-02-19 17:20:01] Summary: 1 executed, 1 skipped, 2 total sources
[2026-02-19 17:20:01] Log saved to transform_log table.
[2026-02-19 17:40:01] Found pending data for 2 source(s): ['0_sync_test.sql', '7_sync_icu_ward_death.sql']
[2026-02-19 17:40:01]   RUN: 00_sync_test.py (source: 0_sync_test.sql)
--- Output of 00_sync_test.py ---
transform_sync_test: inserted 7 rows from sources ['0_sync_test.sql']
--- End of 00_sync_test.py (exit=0) ---
[2026-02-19 17:40:01]   OK: 00_sync_test.py completed successfully
[2026-02-19 17:40:01]   SKIP: No script mapping for source '7_sync_icu_ward_death.sql'
[2026-02-19 17:40:01] Summary: 1 executed, 1 skipped, 2 total sources
[2026-02-19 17:40:01] Log saved to transform_log table.
[2026-02-19 18:00:02] Found pending data for 2 source(s): ['0_sync_test.sql', '7_sync_icu_ward_death.sql']
[2026-02-19 18:00:02]   RUN: 00_sync_test.py (source: 0_sync_test.sql)
--- Output of 00_sync_test.py ---
transform_sync_test: inserted 4 rows from sources ['0_sync_test.sql']
--- End of 00_sync_test.py (exit=0) ---
[2026-02-19 18:00:02]   OK: 00_sync_test.py completed successfully
[2026-02-19 18:00:02]   SKIP: No script mapping for source '7_sync_icu_ward_death.sql'
[2026-02-19 18:00:02] Summary: 1 executed, 1 skipped, 2 total sources
[2026-02-19 18:00:02] Log saved to transform_log table.
[2026-02-19 18:20:01] Found pending data for 2 source(s): ['0_sync_test.sql', '7_sync_icu_ward_death.sql']
[2026-02-19 18:20:01]   RUN: 00_sync_test.py (source: 0_sync_test.sql)
--- Output of 00_sync_test.py ---
transform_sync_test: inserted 3 rows from sources ['0_sync_test.sql']
--- End of 00_sync_test.py (exit=0) ---
[2026-02-19 18:20:01]   OK: 00_sync_test.py completed successfully
[2026-02-19 18:20:01]   SKIP: No script mapping for source '7_sync_icu_ward_death.sql'
[2026-02-19 18:20:01] Summary: 1 executed, 1 skipped, 2 total sources
[2026-02-19 18:20:01] Log saved to transform_log table.
[2026-02-19 18:40:02] Found pending data for 2 source(s): ['0_sync_test.sql', '7_sync_icu_ward_death.sql']
[2026-02-19 18:40:02]   RUN: 00_sync_test.py (source: 0_sync_test.sql)
--- Output of 00_sync_test.py ---
transform_sync_test: inserted 7 rows from sources ['0_sync_test.sql']
--- End of 00_sync_test.py (exit=0) ---
[2026-02-19 18:40:02]   OK: 00_sync_test.py completed successfully
[2026-02-19 18:40:02]   SKIP: No script mapping for source '7_sync_icu_ward_death.sql'
[2026-02-19 18:40:02] Summary: 1 executed, 1 skipped, 2 total sources
[2026-02-19 18:40:02] Log saved to transform_log table.
[2026-02-19 19:00:01] Found pending data for 2 source(s): ['0_sync_test.sql', '7_sync_icu_ward_death.sql']
[2026-02-19 19:00:01]   RUN: 00_sync_test.py (source: 0_sync_test.sql)
--- Output of 00_sync_test.py ---
transform_sync_test: inserted 4 rows from sources ['0_sync_test.sql']
--- End of 00_sync_test.py (exit=0) ---
[2026-02-19 19:00:01]   OK: 00_sync_test.py completed successfully
[2026-02-19 19:00:01]   SKIP: No script mapping for source '7_sync_icu_ward_death.sql'
[2026-02-19 19:00:01] Summary: 1 executed, 1 skipped, 2 total sources
[2026-02-19 19:00:01] Log saved to transform_log table.
[2026-02-19 19:20:01] Found pending data for 2 source(s): ['0_sync_test.sql', '7_sync_icu_ward_death.sql']
[2026-02-19 19:20:01]   RUN: 00_sync_test.py (source: 0_sync_test.sql)
--- Output of 00_sync_test.py ---
transform_sync_test: inserted 3 rows from sources ['0_sync_test.sql']
--- End of 00_sync_test.py (exit=0) ---
[2026-02-19 19:20:02]   OK: 00_sync_test.py completed successfully
[2026-02-19 19:20:02]   SKIP: No script mapping for source '7_sync_icu_ward_death.sql'
[2026-02-19 19:20:02] Summary: 1 executed, 1 skipped, 2 total sources
[2026-02-19 19:20:02] Log saved to transform_log table.
[2026-02-19 19:40:01] Found pending data for 2 source(s): ['0_sync_test.sql', '7_sync_icu_ward_death.sql']
[2026-02-19 19:40:01]   RUN: 00_sync_test.py (source: 0_sync_test.sql)
--- Output of 00_sync_test.py ---
transform_sync_test: inserted 7 rows from sources ['0_sync_test.sql']
--- End of 00_sync_test.py (exit=0) ---
[2026-02-19 19:40:01]   OK: 00_sync_test.py completed successfully
[2026-02-19 19:40:01]   SKIP: No script mapping for source '7_sync_icu_ward_death.sql'
[2026-02-19 19:40:01] Summary: 1 executed, 1 skipped, 2 total sources
[2026-02-19 19:40:01] Log saved to transform_log table.
[2026-02-19 20:00:01] Found pending data for 2 source(s): ['0_sync_test.sql', '7_sync_icu_ward_death.sql']
[2026-02-19 20:00:01]   RUN: 00_sync_test.py (source: 0_sync_test.sql)
--- Output of 00_sync_test.py ---
transform_sync_test: inserted 5 rows from sources ['0_sync_test.sql']
--- End of 00_sync_test.py (exit=0) ---
[2026-02-19 20:00:02]   OK: 00_sync_test.py completed successfully
[2026-02-19 20:00:02]   SKIP: No script mapping for source '7_sync_icu_ward_death.sql'
[2026-02-19 20:00:02] Summary: 1 executed, 1 skipped, 2 total sources
[2026-02-19 20:00:02] Log saved to transform_log table.
[2026-02-19 20:20:01] Found pending data for 2 source(s): ['0_sync_test.sql', '7_sync_icu_ward_death.sql']
[2026-02-19 20:20:01]   RUN: 00_sync_test.py (source: 0_sync_test.sql)
--- Output of 00_sync_test.py ---
transform_sync_test: inserted 1 rows from sources ['0_sync_test.sql']
--- End of 00_sync_test.py (exit=0) ---
[2026-02-19 20:20:01]   OK: 00_sync_test.py completed successfully
[2026-02-19 20:20:01]   SKIP: No script mapping for source '7_sync_icu_ward_death.sql'
[2026-02-19 20:20:01] Summary: 1 executed, 1 skipped, 2 total sources
[2026-02-19 20:20:01] Log saved to transform_log table.
[2026-02-19 20:40:01] Found pending data for 2 source(s): ['0_sync_test.sql', '7_sync_icu_ward_death.sql']
[2026-02-19 20:40:01]   RUN: 00_sync_test.py (source: 0_sync_test.sql)
--- Output of 00_sync_test.py ---
transform_sync_test: inserted 7 rows from sources ['0_sync_test.sql']
--- End of 00_sync_test.py (exit=0) ---
[2026-02-19 20:40:02]   OK: 00_sync_test.py completed successfully
[2026-02-19 20:40:02]   SKIP: No script mapping for source '7_sync_icu_ward_death.sql'
[2026-02-19 20:40:02] Summary: 1 executed, 1 skipped, 2 total sources
[2026-02-19 20:40:02] Log saved to transform_log table.
[2026-02-19 21:00:01] Found pending data for 2 source(s): ['7_sync_icu_ward_death.sql', '0_sync_test.sql']
[2026-02-19 21:00:01]   RUN: 00_sync_test.py (source: 0_sync_test.sql)
--- Output of 00_sync_test.py ---
transform_sync_test: inserted 4 rows from sources ['0_sync_test.sql']
--- End of 00_sync_test.py (exit=0) ---
[2026-02-19 21:00:01]   OK: 00_sync_test.py completed successfully
[2026-02-19 21:00:01]   SKIP: No script mapping for source '7_sync_icu_ward_death.sql'
[2026-02-19 21:00:01] Summary: 1 executed, 1 skipped, 2 total sources
[2026-02-19 21:00:01] Log saved to transform_log table.
[2026-02-19 21:20:01] Found pending data for 2 source(s): ['0_sync_test.sql', '7_sync_icu_ward_death.sql']
[2026-02-19 21:20:01]   RUN: 00_sync_test.py (source: 0_sync_test.sql)
--- Output of 00_sync_test.py ---
transform_sync_test: inserted 3 rows from sources ['0_sync_test.sql']
--- End of 00_sync_test.py (exit=0) ---
[2026-02-19 21:20:02]   OK: 00_sync_test.py completed successfully
[2026-02-19 21:20:02]   SKIP: No script mapping for source '7_sync_icu_ward_death.sql'
[2026-02-19 21:20:02] Summary: 1 executed, 1 skipped, 2 total sources
[2026-02-19 21:20:02] Log saved to transform_log table.
[2026-02-19 21:40:01] Found pending data for 2 source(s): ['0_sync_test.sql', '7_sync_icu_ward_death.sql']
[2026-02-19 21:40:01]   RUN: 00_sync_test.py (source: 0_sync_test.sql)
--- Output of 00_sync_test.py ---
transform_sync_test: inserted 7 rows from sources ['0_sync_test.sql']
--- End of 00_sync_test.py (exit=0) ---
[2026-02-19 21:40:01]   OK: 00_sync_test.py completed successfully
[2026-02-19 21:40:01]   SKIP: No script mapping for source '7_sync_icu_ward_death.sql'
[2026-02-19 21:40:01] Summary: 1 executed, 1 skipped, 2 total sources
[2026-02-19 21:40:01] Log saved to transform_log table.
[2026-02-19 22:00:01] Found pending data for 2 source(s): ['0_sync_test.sql', '7_sync_icu_ward_death.sql']
[2026-02-19 22:00:01]   RUN: 00_sync_test.py (source: 0_sync_test.sql)
--- Output of 00_sync_test.py ---
transform_sync_test: inserted 5 rows from sources ['0_sync_test.sql']
--- End of 00_sync_test.py (exit=0) ---
[2026-02-19 22:00:01]   OK: 00_sync_test.py completed successfully
[2026-02-19 22:00:01]   SKIP: No script mapping for source '7_sync_icu_ward_death.sql'
[2026-02-19 22:00:01] Summary: 1 executed, 1 skipped, 2 total sources
[2026-02-19 22:00:01] Log saved to transform_log table.
[2026-02-19 22:20:01] Found pending data for 2 source(s): ['0_sync_test.sql', '7_sync_icu_ward_death.sql']
[2026-02-19 22:20:01]   RUN: 00_sync_test.py (source: 0_sync_test.sql)
--- Output of 00_sync_test.py ---
transform_sync_test: inserted 2 rows from sources ['0_sync_test.sql']
--- End of 00_sync_test.py (exit=0) ---
[2026-02-19 22:20:01]   OK: 00_sync_test.py completed successfully
[2026-02-19 22:20:01]   SKIP: No script mapping for source '7_sync_icu_ward_death.sql'
[2026-02-19 22:20:01] Summary: 1 executed, 1 skipped, 2 total sources
[2026-02-19 22:20:01] Log saved to transform_log table.
[2026-02-19 22:40:01] Found pending data for 2 source(s): ['0_sync_test.sql', '7_sync_icu_ward_death.sql']
[2026-02-19 22:40:01]   RUN: 00_sync_test.py (source: 0_sync_test.sql)
--- Output of 00_sync_test.py ---
transform_sync_test: inserted 7 rows from sources ['0_sync_test.sql']
--- End of 00_sync_test.py (exit=0) ---
[2026-02-19 22:40:02]   OK: 00_sync_test.py completed successfully
[2026-02-19 22:40:02]   SKIP: No script mapping for source '7_sync_icu_ward_death.sql'
[2026-02-19 22:40:02] Summary: 1 executed, 1 skipped, 2 total sources
[2026-02-19 22:40:02] Log saved to transform_log table.
[2026-02-19 23:00:01] Found pending data for 2 source(s): ['0_sync_test.sql', '7_sync_icu_ward_death.sql']
[2026-02-19 23:00:01]   RUN: 00_sync_test.py (source: 0_sync_test.sql)
--- Output of 00_sync_test.py ---
transform_sync_test: inserted 2 rows from sources ['0_sync_test.sql']
--- End of 00_sync_test.py (exit=0) ---
[2026-02-19 23:00:01]   OK: 00_sync_test.py completed successfully
[2026-02-19 23:00:01]   SKIP: No script mapping for source '7_sync_icu_ward_death.sql'
[2026-02-19 23:00:01] Summary: 1 executed, 1 skipped, 2 total sources
[2026-02-19 23:00:01] Log saved to transform_log table.
[2026-02-19 23:20:01] Found pending data for 2 source(s): ['0_sync_test.sql', '7_sync_icu_ward_death.sql']
[2026-02-19 23:20:01]   RUN: 00_sync_test.py (source: 0_sync_test.sql)
--- Output of 00_sync_test.py ---
transform_sync_test: inserted 5 rows from sources ['0_sync_test.sql']
--- End of 00_sync_test.py (exit=0) ---
[2026-02-19 23:20:01]   OK: 00_sync_test.py completed successfully
[2026-02-19 23:20:01]   SKIP: No script mapping for source '7_sync_icu_ward_death.sql'
[2026-02-19 23:20:01] Summary: 1 executed, 1 skipped, 2 total sources
[2026-02-19 23:20:01] Log saved to transform_log table.
[2026-02-19 23:40:02] Found pending data for 2 source(s): ['0_sync_test.sql', '7_sync_icu_ward_death.sql']
[2026-02-19 23:40:02]   RUN: 00_sync_test.py (source: 0_sync_test.sql)
--- Output of 00_sync_test.py ---
transform_sync_test: inserted 8 rows from sources ['0_sync_test.sql']
--- End of 00_sync_test.py (exit=0) ---
[2026-02-19 23:40:02]   OK: 00_sync_test.py completed successfully
[2026-02-19 23:40:02]   SKIP: No script mapping for source '7_sync_icu_ward_death.sql'
[2026-02-19 23:40:02] Summary: 1 executed, 1 skipped, 2 total sources
[2026-02-19 23:40:02] Log saved to transform_log table.
