[2026-02-16 22:30:01] start
sync_test: inserted 0 rows from sources ['0_sync_test.sql']
sync_bed_an_occupancy: inserted 19464 rows from sources ['1_sync_bed_an_occupancy.sql']
sync_bed_type_all: inserted 516 rows from sources ['2_sync_bed_type_all.sql']
sync_critical_wait_bed: inserted 20 rows from sources ['3_sync_critical_wait_bed.sql']
sync_drgs_rw_top10: inserted 30 rows from sources ['4_sync_drgs_rw_top10.sql']
sync_drgs_sum: inserted 50 rows from sources ['5_sync_drgs_sum.sql']
sync_icu_semi_icu_case_realtime: inserted 3 rows from sources ['6_sync_icu_semi_icu_case_realtime.sql']
sync_mortality_ami: inserted 58 rows from sources ['8_sync_mortality_ami.sql']
sync_mortality_sepsis: inserted 60 rows from sources ['9_sync_mortality_sepsis.sql']
sync_normal_ward_death: inserted 20 rows from sources ['10_sync_normal_ward_death.sql']
sync_or_utilization_rate: inserted 13 rows from sources ['11_sync_or_utilization_rate.sql']
sync_refer_paperless: inserted 51 rows from sources ['12_sync_refer_paperless.sql']
sync_refer_top10: inserted 30 rows from sources ['13_sync_refer_top10.sql']
sync_waiting_time_cataract: inserted 53 rows from sources ['14_sync_waiting_time_cataract.sql']
sync_waiting_time_hernia: inserted 48 rows from sources ['15_sync_waiting_time_hernia.sql']
[2026-02-16 22:30:06] end
[2026-02-16 23:00:01] start
sync_test: inserted 0 rows from sources ['0_sync_test.sql']
sync_bed_an_occupancy: inserted 0 rows from sources ['1_sync_bed_an_occupancy.sql']
sync_bed_type_all: inserted 0 rows from sources ['2_sync_bed_type_all.sql']
sync_critical_wait_bed: inserted 0 rows from sources ['3_sync_critical_wait_bed.sql']
sync_drgs_rw_top10: inserted 0 rows from sources ['4_sync_drgs_rw_top10.sql']
sync_drgs_sum: inserted 0 rows from sources ['5_sync_drgs_sum.sql']
sync_icu_semi_icu_case_realtime: inserted 0 rows from sources ['6_sync_icu_semi_icu_case_realtime.sql']
sync_mortality_ami: inserted 0 rows from sources ['8_sync_mortality_ami.sql']
sync_mortality_sepsis: inserted 0 rows from sources ['9_sync_mortality_sepsis.sql']
sync_normal_ward_death: inserted 0 rows from sources ['10_sync_normal_ward_death.sql']
sync_or_utilization_rate: inserted 0 rows from sources ['11_sync_or_utilization_rate.sql']
sync_refer_paperless: inserted 0 rows from sources ['12_sync_refer_paperless.sql']
sync_refer_top10: inserted 0 rows from sources ['13_sync_refer_top10.sql']
sync_waiting_time_cataract: inserted 0 rows from sources ['14_sync_waiting_time_cataract.sql']
sync_waiting_time_hernia: inserted 0 rows from sources ['15_sync_waiting_time_hernia.sql']
[2026-02-16 23:00:04] end
[2026-02-16 23:30:01] start
sync_test: inserted 0 rows from sources ['0_sync_test.sql']
sync_bed_an_occupancy: inserted 16974 rows from sources ['1_sync_bed_an_occupancy.sql']
sync_bed_type_all: inserted 516 rows from sources ['2_sync_bed_type_all.sql']
sync_critical_wait_bed: inserted 20 rows from sources ['3_sync_critical_wait_bed.sql']
sync_drgs_rw_top10: inserted 30 rows from sources ['4_sync_drgs_rw_top10.sql']
sync_drgs_sum: inserted 50 rows from sources ['5_sync_drgs_sum.sql']
sync_icu_semi_icu_case_realtime: inserted 3 rows from sources ['6_sync_icu_semi_icu_case_realtime.sql']
sync_mortality_ami: inserted 58 rows from sources ['8_sync_mortality_ami.sql']
sync_mortality_sepsis: inserted 60 rows from sources ['9_sync_mortality_sepsis.sql']
sync_normal_ward_death: inserted 20 rows from sources ['10_sync_normal_ward_death.sql']
sync_or_utilization_rate: inserted 13 rows from sources ['11_sync_or_utilization_rate.sql']
sync_refer_paperless: inserted 51 rows from sources ['12_sync_refer_paperless.sql']
sync_refer_top10: inserted 30 rows from sources ['13_sync_refer_top10.sql']
sync_waiting_time_cataract: inserted 53 rows from sources ['14_sync_waiting_time_cataract.sql']
sync_waiting_time_hernia: inserted 48 rows from sources ['15_sync_waiting_time_hernia.sql']
[2026-02-16 23:30:07] end
